# JRE version: OpenJDK Runtime Environment (23.0.1) (build 23.0.1)
# Java VM: OpenJDK 64-Bit Server VM (23.0.1, mixed mode, sharing, tiered, compressed oops, compressed class ptrs, g1 gc, linux-amd64)
GC Precious Log:
 CardTable entry size: 512
 Card Set container configuration: InlinePtr #cards 3 size 8 Array Of Cards #cards 128 size 272 Howl #buckets 8 coarsen threshold 29491 Howl Bitmap #cards 4096 size 528 coarsen threshold 3686 Card regions per heap region 1 cards per card region 32768
 CPUs: 32 total, 32 available
 Memory: 125G
 Large Page Support: Disabled
 NUMA Support: Disabled
 Compressed Oops: Enabled (Zero based)
 Heap Region Size: 16M
 Heap Min Capacity: 16M
 Heap Initial Capacity: 2016M
 Heap Max Capacity: 30208M
 Pre-touch: Disabled
 Parallel Workers: 23
 Concurrent Workers: 6
 Concurrent Refinement Workers: 23
 Periodic GC: Disabled
Heap:
 garbage-first heap   total reserved 30932992K, committed 1032192K, used 702548K [0x00000000a0000000, 0x0000000800000000)
  region size 16384K, 17 young (278528K), 1 survivors (16384K)
 Metaspace       used 132168K, committed 133632K, reserved 1179648K
  class space    used 20637K, committed 21248K, reserved 1048576K
GC Heap History (20 events):
Event: 8.747 GC heap before
{Heap before GC invocations=21 (full 0):
 garbage-first heap   total reserved 30932992K, committed 737280K, used 405892K [0x00000000a0000000, 0x0000000800000000)
  region size 16384K, 15 young (245760K), 4 survivors (65536K)
 Metaspace       used 101681K, committed 102848K, reserved 1179648K
  class space    used 16087K, committed 16576K, reserved 1048576K
}
Event: 8.752 GC heap after
{Heap after GC invocations=22 (full 0):
 garbage-first heap   total reserved 30932992K, committed 737280K, used 267545K [0x00000000a0000000, 0x0000000800000000)
  region size 16384K, 1 young (16384K), 1 survivors (16384K)
 Metaspace       used 101681K, committed 102848K, reserved 1179648K
  class space    used 16087K, committed 16576K, reserved 1048576K
}
Event: 9.213 GC heap before
{Heap before GC invocations=23 (full 0):
 garbage-first heap   total reserved 30932992K, committed 737280K, used 611609K [0x00000000a0000000, 0x0000000800000000)
  region size 16384K, 22 young (360448K), 1 survivors (16384K)
 Metaspace       used 109150K, committed 110400K, reserved 1179648K
  class space    used 17311K, committed 17856K, reserved 1048576K
}
Event: 9.216 GC heap after
{Heap after GC invocations=24 (full 0):
 garbage-first heap   total reserved 30932992K, committed 737280K, used 271244K [0x00000000a0000000, 0x0000000800000000)
  region size 16384K, 1 young (16384K), 1 survivors (16384K)
 Metaspace       used 109150K, committed 110400K, reserved 1179648K
  class space    used 17311K, committed 17856K, reserved 1048576K
}
Event: 9.953 GC heap before
{Heap before GC invocations=24 (full 0):
 garbage-first heap   total reserved 30932992K, committed 737280K, used 615308K [0x00000000a0000000, 0x0000000800000000)
  region size 16384K, 23 young (376832K), 1 survivors (16384K)
 Metaspace       used 120980K, committed 122176K, reserved 1179648K
  class space    used 19214K, committed 19712K, reserved 1048576K
}
Event: 9.957 GC heap after
{Heap after GC invocations=25 (full 0):
 garbage-first heap   total reserved 30932992K, committed 737280K, used 292525K [0x00000000a0000000, 0x0000000800000000)
  region size 16384K, 3 young (49152K), 3 survivors (49152K)
 Metaspace       used 120980K, committed 122176K, reserved 1179648K
  class space    used 19214K, committed 19712K, reserved 1048576K
}
Event: 10.311 GC heap before
{Heap before GC invocations=25 (full 0):
 garbage-first heap   total reserved 30932992K, committed 737280K, used 620205K [0x00000000a0000000, 0x0000000800000000)
  region size 16384K, 23 young (376832K), 3 survivors (49152K)
 Metaspace       used 126131K, committed 127488K, reserved 1179648K
  class space    used 19985K, committed 20544K, reserved 1048576K
}
Event: 10.320 GC heap after
{Heap after GC invocations=26 (full 0):
 garbage-first heap   total reserved 30932992K, committed 737280K, used 349894K [0x00000000a0000000, 0x0000000800000000)
  region size 16384K, 3 young (49152K), 3 survivors (49152K)
 Metaspace       used 126131K, committed 127488K, reserved 1179648K
  class space    used 19985K, committed 20544K, reserved 1048576K
}
Event: 10.512 GC heap before
{Heap before GC invocations=26 (full 0):
 garbage-first heap   total reserved 30932992K, committed 737280K, used 628422K [0x00000000a0000000, 0x0000000800000000)
  region size 16384K, 20 young (327680K), 3 survivors (49152K)
 Metaspace       used 126812K, committed 128192K, reserved 1179648K
  class space    used 20040K, committed 20608K, reserved 1048576K
}
Event: 10.520 GC heap after
{Heap after GC invocations=27 (full 0):
 garbage-first heap   total reserved 30932992K, committed 737280K, used 403115K [0x00000000a0000000, 0x0000000800000000)
  region size 16384K, 2 young (32768K), 2 survivors (32768K)
 Metaspace       used 126812K, committed 128192K, reserved 1179648K
  class space    used 20040K, committed 20608K, reserved 1048576K
}
Event: 10.665 GC heap before
{Heap before GC invocations=28 (full 0):
 garbage-first heap   total reserved 30932992K, committed 737280K, used 632491K [0x00000000a0000000, 0x0000000800000000)
  region size 16384K, 17 young (278528K), 2 survivors (32768K)
 Metaspace       used 127055K, committed 128448K, reserved 1179648K
  class space    used 20084K, committed 20672K, reserved 1048576K
}
Event: 10.669 GC heap after
{Heap after GC invocations=29 (full 0):
 garbage-first heap   total reserved 30932992K, committed 737280K, used 398157K [0x00000000a0000000, 0x0000000800000000)
  region size 16384K, 3 young (49152K), 3 survivors (49152K)
 Metaspace       used 127055K, committed 128448K, reserved 1179648K
  class space    used 20084K, committed 20672K, reserved 1048576K
}
Event: 10.819 GC heap before
{Heap before GC invocations=29 (full 0):
 garbage-first heap   total reserved 30932992K, committed 737280K, used 611149K [0x00000000a0000000, 0x0000000800000000)
  region size 16384K, 17 young (278528K), 3 survivors (49152K)
 Metaspace       used 128120K, committed 129600K, reserved 1179648K
  class space    used 20254K, committed 20864K, reserved 1048576K
}
Event: 10.826 GC heap after
{Heap after GC invocations=30 (full 0):
 garbage-first heap   total reserved 30932992K, committed 1032192K, used 414378K [0x00000000a0000000, 0x0000000800000000)
  region size 16384K, 2 young (32768K), 2 survivors (32768K)
 Metaspace       used 128120K, committed 129600K, reserved 1179648K
  class space    used 20254K, committed 20864K, reserved 1048576K
}
Event: 11.086 GC heap before
{Heap before GC invocations=30 (full 0):
 garbage-first heap   total reserved 30932992K, committed 1032192K, used 873130K [0x00000000a0000000, 0x0000000800000000)
  region size 16384K, 31 young (507904K), 2 survivors (32768K)
 Metaspace       used 128433K, committed 129920K, reserved 1179648K
  class space    used 20280K, committed 20928K, reserved 1048576K
}
Event: 11.090 GC heap after
{Heap after GC invocations=31 (full 0):
 garbage-first heap   total reserved 30932992K, committed 1032192K, used 459704K [0x00000000a0000000, 0x0000000800000000)
  region size 16384K, 4 young (65536K), 4 survivors (65536K)
 Metaspace       used 128433K, committed 129920K, reserved 1179648K
  class space    used 20280K, committed 20928K, reserved 1048576K
}
Event: 11.791 GC heap before
{Heap before GC invocations=31 (full 0):
 garbage-first heap   total reserved 30932992K, committed 1032192K, used 869304K [0x00000000a0000000, 0x0000000800000000)
  region size 16384K, 30 young (491520K), 4 survivors (65536K)
 Metaspace       used 129571K, committed 131072K, reserved 1179648K
  class space    used 20411K, committed 21056K, reserved 1048576K
}
Event: 11.796 GC heap after
{Heap after GC invocations=32 (full 0):
 garbage-first heap   total reserved 30932992K, committed 1032192K, used 454835K [0x00000000a0000000, 0x0000000800000000)
  region size 16384K, 3 young (49152K), 3 survivors (49152K)
 Metaspace       used 129571K, committed 131072K, reserved 1179648K
  class space    used 20411K, committed 21056K, reserved 1048576K
}
Event: 17.632 GC heap before
{Heap before GC invocations=32 (full 0):
 garbage-first heap   total reserved 30932992K, committed 1032192K, used 880819K [0x00000000a0000000, 0x0000000800000000)
  region size 16384K, 30 young (491520K), 3 survivors (49152K)
 Metaspace       used 131174K, committed 132672K, reserved 1179648K
  class space    used 20490K, committed 21120K, reserved 1048576K
}
Event: 17.635 GC heap after
{Heap after GC invocations=33 (full 0):
 garbage-first heap   total reserved 30932992K, committed 1032192K, used 456788K [0x00000000a0000000, 0x0000000800000000)
  region size 16384K, 1 young (16384K), 1 survivors (16384K)
 Metaspace       used 131174K, committed 132672K, reserved 1179648K
  class space    used 20490K, committed 21120K, reserved 1048576K
}

