# JRE version: OpenJDK Runtime Environment (23.0.1) (build 23.0.1)
# Java VM: OpenJDK 64-Bit Server VM (23.0.1, mixed mode, sharing, tiered, compressed oops, compressed class ptrs, g1 gc, linux-amd64)
GC Precious Log:
 CardTable entry size: 512
 Card Set container configuration: InlinePtr #cards 3 size 8 Array Of Cards #cards 128 size 272 Howl #buckets 8 coarsen threshold 29491 Howl Bitmap #cards 4096 size 528 coarsen threshold 3686 Card regions per heap region 1 cards per card region 32768
 CPUs: 32 total, 32 available
 Memory: 125G
 Large Page Support: Disabled
 NUMA Support: Disabled
 Compressed Oops: Enabled (Zero based)
 Heap Region Size: 16M
 Heap Min Capacity: 16M
 Heap Initial Capacity: 2016M
 Heap Max Capacity: 30208M
 Pre-touch: Disabled
 Parallel Workers: 23
 Concurrent Workers: 6
 Concurrent Refinement Workers: 23
 Periodic GC: Disabled
Heap:
 garbage-first heap   total reserved 30932992K, committed 2228224K, used 1076312K [0x00000000a0000000, 0x0000000800000000)
  region size 16384K, 29 young (475136K), 8 survivors (131072K)
 Metaspace       used 135669K, committed 137216K, reserved 1179648K
  class space    used 20886K, committed 21568K, reserved 1048576K
GC Heap History (20 events):
Event: 49.772 GC heap before
{Heap before GC invocations=71 (full 0):
 garbage-first heap   total reserved 30932992K, committed 2228224K, used 1860091K [0x00000000a0000000, 0x0000000800000000)
  region size 16384K, 76 young (1245184K), 9 survivors (147456K)
 Metaspace       used 131762K, committed 133184K, reserved 1179648K
  class space    used 20354K, committed 20992K, reserved 1048576K
}
Event: 49.788 GC heap after
{Heap after GC invocations=72 (full 0):
 garbage-first heap   total reserved 30932992K, committed 2228224K, used 724108K [0x00000000a0000000, 0x0000000800000000)
  region size 16384K, 7 young (114688K), 7 survivors (114688K)
 Metaspace       used 131762K, committed 133184K, reserved 1179648K
  class space    used 20354K, committed 20992K, reserved 1048576K
}
Event: 50.909 GC heap before
{Heap before GC invocations=72 (full 0):
 garbage-first heap   total reserved 30932992K, committed 2228224K, used 1887372K [0x00000000a0000000, 0x0000000800000000)
  region size 16384K, 78 young (1277952K), 7 survivors (114688K)
 Metaspace       used 131793K, committed 133184K, reserved 1179648K
  class space    used 20356K, committed 20992K, reserved 1048576K
}
Event: 50.919 GC heap after
{Heap after GC invocations=73 (full 0):
 garbage-first heap   total reserved 30932992K, committed 2228224K, used 755299K [0x00000000a0000000, 0x0000000800000000)
  region size 16384K, 5 young (81920K), 5 survivors (81920K)
 Metaspace       used 131793K, committed 133184K, reserved 1179648K
  class space    used 20356K, committed 20992K, reserved 1048576K
}
Event: 52.357 GC heap before
{Heap before GC invocations=74 (full 0):
 garbage-first heap   total reserved 30932992K, committed 2228224K, used 1902179K [0x00000000a0000000, 0x0000000800000000)
  region size 16384K, 77 young (1261568K), 5 survivors (81920K)
 Metaspace       used 132575K, committed 134080K, reserved 1179648K
  class space    used 20507K, committed 21120K, reserved 1048576K
}
Event: 52.366 GC heap after
{Heap after GC invocations=75 (full 0):
 garbage-first heap   total reserved 30932992K, committed 2228224K, used 753285K [0x00000000a0000000, 0x0000000800000000)
  region size 16384K, 7 young (114688K), 7 survivors (114688K)
 Metaspace       used 132575K, committed 134080K, reserved 1179648K
  class space    used 20507K, committed 21120K, reserved 1048576K
}
Event: 53.687 GC heap before
{Heap before GC invocations=75 (full 0):
 garbage-first heap   total reserved 30932992K, committed 2228224K, used 1965701K [0x00000000a0000000, 0x0000000800000000)
  region size 16384K, 81 young (1327104K), 7 survivors (114688K)
 Metaspace       used 132838K, committed 134336K, reserved 1179648K
  class space    used 20544K, committed 21184K, reserved 1048576K
}
Event: 53.698 GC heap after
{Heap after GC invocations=76 (full 0):
 garbage-first heap   total reserved 30932992K, committed 2228224K, used 650366K [0x00000000a0000000, 0x0000000800000000)
  region size 16384K, 7 young (114688K), 7 survivors (114688K)
 Metaspace       used 132838K, committed 134336K, reserved 1179648K
  class space    used 20544K, committed 21184K, reserved 1048576K
}
Event: 54.927 GC heap before
{Heap before GC invocations=76 (full 0):
 garbage-first heap   total reserved 30932992K, committed 2228224K, used 1846398K [0x00000000a0000000, 0x0000000800000000)
  region size 16384K, 81 young (1327104K), 7 survivors (114688K)
 Metaspace       used 132938K, committed 134464K, reserved 1179648K
  class space    used 20556K, committed 21184K, reserved 1048576K
}
Event: 54.938 GC heap after
{Heap after GC invocations=77 (full 0):
 garbage-first heap   total reserved 30932992K, committed 2228224K, used 683523K [0x00000000a0000000, 0x0000000800000000)
  region size 16384K, 7 young (114688K), 7 survivors (114688K)
 Metaspace       used 132938K, committed 134464K, reserved 1179648K
  class space    used 20556K, committed 21184K, reserved 1048576K
}
Event: 56.373 GC heap before
{Heap before GC invocations=78 (full 0):
 garbage-first heap   total reserved 30932992K, committed 2228224K, used 1895939K [0x00000000a0000000, 0x0000000800000000)
  region size 16384K, 81 young (1327104K), 7 survivors (114688K)
 Metaspace       used 132938K, committed 134464K, reserved 1179648K
  class space    used 20556K, committed 21184K, reserved 1048576K
}
Event: 56.384 GC heap after
{Heap after GC invocations=79 (full 0):
 garbage-first heap   total reserved 30932992K, committed 2228224K, used 717022K [0x00000000a0000000, 0x0000000800000000)
  region size 16384K, 7 young (114688K), 7 survivors (114688K)
 Metaspace       used 132938K, committed 134464K, reserved 1179648K
  class space    used 20556K, committed 21184K, reserved 1048576K
}
Event: 64.253 GC heap before
{Heap before GC invocations=79 (full 0):
 garbage-first heap   total reserved 30932992K, committed 2228224K, used 1913054K [0x00000000a0000000, 0x0000000800000000)
  region size 16384K, 81 young (1327104K), 7 survivors (114688K)
 Metaspace       used 133185K, committed 134720K, reserved 1179648K
  class space    used 20604K, committed 21248K, reserved 1048576K
}
Event: 64.265 GC heap after
{Heap after GC invocations=80 (full 0):
 garbage-first heap   total reserved 30932992K, committed 2228224K, used 746251K [0x00000000a0000000, 0x0000000800000000)
  region size 16384K, 8 young (131072K), 8 survivors (131072K)
 Metaspace       used 133185K, committed 134720K, reserved 1179648K
  class space    used 20604K, committed 21248K, reserved 1048576K
}
Event: 74.103 GC heap before
{Heap before GC invocations=80 (full 0):
 garbage-first heap   total reserved 30932992K, committed 2228224K, used 1925899K [0x00000000a0000000, 0x0000000800000000)
  region size 16384K, 81 young (1327104K), 8 survivors (131072K)
 Metaspace       used 135017K, committed 136576K, reserved 1179648K
  class space    used 20833K, committed 21504K, reserved 1048576K
}
Event: 74.112 GC heap after
{Heap after GC invocations=81 (full 0):
 garbage-first heap   total reserved 30932992K, committed 2228224K, used 759202K [0x00000000a0000000, 0x0000000800000000)
  region size 16384K, 7 young (114688K), 7 survivors (114688K)
 Metaspace       used 135017K, committed 136576K, reserved 1179648K
  class space    used 20833K, committed 21504K, reserved 1048576K
}
Event: 97.602 GC heap before
{Heap before GC invocations=82 (full 0):
 garbage-first heap   total reserved 30932992K, committed 2228224K, used 1955234K [0x00000000a0000000, 0x0000000800000000)
  region size 16384K, 81 young (1327104K), 7 survivors (114688K)
 Metaspace       used 135475K, committed 137024K, reserved 1179648K
  class space    used 20863K, committed 21504K, reserved 1048576K
}
Event: 97.609 GC heap after
{Heap after GC invocations=83 (full 0):
 garbage-first heap   total reserved 30932992K, committed 2228224K, used 757196K [0x00000000a0000000, 0x0000000800000000)
  region size 16384K, 5 young (81920K), 5 survivors (81920K)
 Metaspace       used 135475K, committed 137024K, reserved 1179648K
  class space    used 20863K, committed 21504K, reserved 1048576K
}
Event: 103.887 GC heap before
{Heap before GC invocations=83 (full 0):
 garbage-first heap   total reserved 30932992K, committed 2228224K, used 1985996K [0x00000000a0000000, 0x0000000800000000)
  region size 16384K, 81 young (1327104K), 5 survivors (81920K)
 Metaspace       used 135628K, committed 137216K, reserved 1179648K
  class space    used 20880K, committed 21568K, reserved 1048576K
}
Event: 103.904 GC heap after
{Heap after GC invocations=84 (full 0):
 garbage-first heap   total reserved 30932992K, committed 2228224K, used 765016K [0x00000000a0000000, 0x0000000800000000)
  region size 16384K, 8 young (131072K), 8 survivors (131072K)
 Metaspace       used 135628K, committed 137216K, reserved 1179648K
  class space    used 20880K, committed 21568K, reserved 1048576K
}

