# JRE version: OpenJDK Runtime Environment (21.0.5+11) (build 21.0.5+11)
# Java VM: OpenJDK 64-Bit Server VM (21.0.5+11, mixed mode, sharing, tiered, compressed oops, compressed class ptrs, g1 gc, linux-amd64)
GC Precious Log:
 CardTable entry size: 512
 Card Set container configuration: InlinePtr #cards 3 size 8 Array Of Cards #cards 128 size 272 Howl #buckets 8 coarsen threshold 29491 Howl Bitmap #cards 4096 size 528 coarsen threshold 3686 Card regions per heap region 1 cards per card region 32768
 CPUs: 32 total, 32 available
 Memory: 125G
 Large Page Support: Disabled
 NUMA Support: Disabled
 Compressed Oops: Enabled (Zero based)
 Heap Region Size: 16M
 Heap Min Capacity: 16M
 Heap Initial Capacity: 2016M
 Heap Max Capacity: 30208M
 Pre-touch: Disabled
 Parallel Workers: 23
 Concurrent Workers: 6
 Concurrent Refinement Workers: 23
 Periodic GC: Disabled
Heap:
 garbage-first heap   total 917504K, used 698568K [0x00000000a0000000, 0x0000000800000000)
  region size 16384K, 18 young (294912K), 1 survivors (16384K)
 Metaspace       used 134635K, committed 136320K, reserved 1179648K
  class space    used 19871K, committed 20608K, reserved 1048576K
GC Heap History (20 events):
Event: 11.205 GC heap before
{Heap before GC invocations=25 (full 0):
 garbage-first heap   total 737280K, used 633974K [0x00000000a0000000, 0x0000000800000000)
  region size 16384K, 22 young (360448K), 3 survivors (49152K)
 Metaspace       used 128174K, committed 129728K, reserved 1179648K
  class space    used 19261K, committed 19968K, reserved 1048576K
}
Event: 11.216 GC heap after
{Heap after GC invocations=26 (full 0):
 garbage-first heap   total 753664K, used 358984K [0x00000000a0000000, 0x0000000800000000)
  region size 16384K, 3 young (49152K), 3 survivors (49152K)
 Metaspace       used 128174K, committed 129728K, reserved 1179648K
  class space    used 19261K, committed 19968K, reserved 1048576K
}
Event: 11.394 GC heap before
{Heap before GC invocations=26 (full 0):
 garbage-first heap   total 753664K, used 621128K [0x00000000a0000000, 0x0000000800000000)
  region size 16384K, 20 young (327680K), 3 survivors (49152K)
 Metaspace       used 128699K, committed 130240K, reserved 1179648K
  class space    used 19313K, committed 20032K, reserved 1048576K
}
Event: 11.398 GC heap after
{Heap after GC invocations=27 (full 0):
 garbage-first heap   total 753664K, used 377726K [0x00000000a0000000, 0x0000000800000000)
  region size 16384K, 2 young (32768K), 2 survivors (32768K)
 Metaspace       used 128699K, committed 130240K, reserved 1179648K
  class space    used 19313K, committed 20032K, reserved 1048576K
}
Event: 11.598 GC heap before
{Heap before GC invocations=28 (full 0):
 garbage-first heap   total 753664K, used 639870K [0x00000000a0000000, 0x0000000800000000)
  region size 16384K, 19 young (311296K), 2 survivors (32768K)
 Metaspace       used 129061K, committed 130624K, reserved 1179648K
  class space    used 19342K, committed 20032K, reserved 1048576K
}
Event: 11.601 GC heap after
{Heap after GC invocations=29 (full 0):
 garbage-first heap   total 753664K, used 390183K [0x00000000a0000000, 0x0000000800000000)
  region size 16384K, 3 young (49152K), 3 survivors (49152K)
 Metaspace       used 129061K, committed 130624K, reserved 1179648K
  class space    used 19342K, committed 20032K, reserved 1048576K
}
Event: 11.789 GC heap before
{Heap before GC invocations=29 (full 0):
 garbage-first heap   total 753664K, used 619559K [0x00000000a0000000, 0x0000000800000000)
  region size 16384K, 18 young (294912K), 3 survivors (49152K)
 Metaspace       used 129400K, committed 130880K, reserved 1179648K
  class space    used 19360K, committed 20032K, reserved 1048576K
}
Event: 11.794 GC heap after
{Heap after GC invocations=30 (full 0):
 garbage-first heap   total 917504K, used 401912K [0x00000000a0000000, 0x0000000800000000)
  region size 16384K, 3 young (49152K), 3 survivors (49152K)
 Metaspace       used 129400K, committed 130880K, reserved 1179648K
  class space    used 19360K, committed 20032K, reserved 1048576K
}
Event: 11.987 GC heap before
{Heap before GC invocations=30 (full 0):
 garbage-first heap   total 917504K, used 762360K [0x00000000a0000000, 0x0000000800000000)
  region size 16384K, 26 young (425984K), 3 survivors (49152K)
 Metaspace       used 130337K, committed 131904K, reserved 1179648K
  class space    used 19493K, committed 20224K, reserved 1048576K
}
Event: 11.992 GC heap after
{Heap after GC invocations=31 (full 0):
 garbage-first heap   total 917504K, used 427067K [0x00000000a0000000, 0x0000000800000000)
  region size 16384K, 4 young (65536K), 4 survivors (65536K)
 Metaspace       used 130337K, committed 131904K, reserved 1179648K
  class space    used 19493K, committed 20224K, reserved 1048576K
}
Event: 12.686 GC heap before
{Heap before GC invocations=31 (full 0):
 garbage-first heap   total 917504K, used 771131K [0x00000000a0000000, 0x0000000800000000)
  region size 16384K, 25 young (409600K), 4 survivors (65536K)
 Metaspace       used 130750K, committed 132352K, reserved 1179648K
  class space    used 19508K, committed 20224K, reserved 1048576K
}
Event: 12.691 GC heap after
{Heap after GC invocations=32 (full 0):
 garbage-first heap   total 917504K, used 434222K [0x00000000a0000000, 0x0000000800000000)
  region size 16384K, 3 young (49152K), 3 survivors (49152K)
 Metaspace       used 130750K, committed 132352K, reserved 1179648K
  class space    used 19508K, committed 20224K, reserved 1048576K
}
Event: 16.898 GC heap before
{Heap before GC invocations=32 (full 0):
 garbage-first heap   total 917504K, used 778286K [0x00000000a0000000, 0x0000000800000000)
  region size 16384K, 24 young (393216K), 3 survivors (49152K)
 Metaspace       used 132266K, committed 133824K, reserved 1179648K
  class space    used 19637K, committed 20352K, reserved 1048576K
}
Event: 16.901 GC heap after
{Heap after GC invocations=33 (full 0):
 garbage-first heap   total 917504K, used 437089K [0x00000000a0000000, 0x0000000800000000)
  region size 16384K, 1 young (16384K), 1 survivors (16384K)
 Metaspace       used 132266K, committed 133824K, reserved 1179648K
  class space    used 19637K, committed 20352K, reserved 1048576K
}
Event: 23.887 GC heap before
{Heap before GC invocations=34 (full 0):
 garbage-first heap   total 917504K, used 830305K [0x00000000a0000000, 0x0000000800000000)
  region size 16384K, 25 young (409600K), 1 survivors (16384K)
 Metaspace       used 133210K, committed 134848K, reserved 1179648K
  class space    used 19695K, committed 20416K, reserved 1048576K
}
Event: 23.888 GC heap after
{Heap after GC invocations=35 (full 0):
 garbage-first heap   total 917504K, used 436557K [0x00000000a0000000, 0x0000000800000000)
  region size 16384K, 1 young (16384K), 1 survivors (16384K)
 Metaspace       used 133210K, committed 134848K, reserved 1179648K
  class space    used 19695K, committed 20416K, reserved 1048576K
}
Event: 30.325 GC heap before
{Heap before GC invocations=35 (full 0):
 garbage-first heap   total 917504K, used 829773K [0x00000000a0000000, 0x0000000800000000)
  region size 16384K, 25 young (409600K), 1 survivors (16384K)
 Metaspace       used 133580K, committed 135232K, reserved 1179648K
  class space    used 19725K, committed 20480K, reserved 1048576K
}
Event: 30.328 GC heap after
{Heap after GC invocations=36 (full 0):
 garbage-first heap   total 917504K, used 435223K [0x00000000a0000000, 0x0000000800000000)
  region size 16384K, 1 young (16384K), 1 survivors (16384K)
 Metaspace       used 133580K, committed 135232K, reserved 1179648K
  class space    used 19725K, committed 20480K, reserved 1048576K
}
Event: 38.936 GC heap before
{Heap before GC invocations=36 (full 0):
 garbage-first heap   total 917504K, used 828439K [0x00000000a0000000, 0x0000000800000000)
  region size 16384K, 25 young (409600K), 1 survivors (16384K)
 Metaspace       used 133740K, committed 135360K, reserved 1179648K
  class space    used 19737K, committed 20480K, reserved 1048576K
}
Event: 38.938 GC heap after
{Heap after GC invocations=37 (full 0):
 garbage-first heap   total 917504K, used 436424K [0x00000000a0000000, 0x0000000800000000)
  region size 16384K, 1 young (16384K), 1 survivors (16384K)
 Metaspace       used 133740K, committed 135360K, reserved 1179648K
  class space    used 19737K, committed 20480K, reserved 1048576K
}

