# JRE version: OpenJDK Runtime Environment (23.0.1) (build 23.0.1)
# Java VM: OpenJDK 64-Bit Server VM (23.0.1, mixed mode, sharing, tiered, compressed oops, compressed class ptrs, g1 gc, linux-amd64)
GC Precious Log:
 CardTable entry size: 512
 Card Set container configuration: InlinePtr #cards 3 size 8 Array Of Cards #cards 128 size 272 Howl #buckets 8 coarsen threshold 29491 Howl Bitmap #cards 4096 size 528 coarsen threshold 3686 Card regions per heap region 1 cards per card region 32768
 CPUs: 32 total, 32 available
 Memory: 125G
 Large Page Support: Disabled
 NUMA Support: Disabled
 Compressed Oops: Enabled (Zero based)
 Heap Region Size: 16M
 Heap Min Capacity: 16M
 Heap Initial Capacity: 2016M
 Heap Max Capacity: 30208M
 Pre-touch: Disabled
 Parallel Workers: 23
 Concurrent Workers: 6
 Concurrent Refinement Workers: 23
 Periodic GC: Disabled
Heap:
 garbage-first heap   total reserved 30932992K, committed 983040K, used 732747K [0x00000000a0000000, 0x0000000800000000)
  region size 16384K, 23 young (376832K), 3 survivors (49152K)
 Metaspace       used 130990K, committed 132416K, reserved 1179648K
  class space    used 20533K, committed 21120K, reserved 1048576K
GC Heap History (20 events):
Event: 8.999 GC heap before
{Heap before GC invocations=20 (full 0):
 garbage-first heap   total reserved 30932992K, committed 737280K, used 593279K [0x00000000a0000000, 0x0000000800000000)
  region size 16384K, 26 young (425984K), 4 survivors (65536K)
 Metaspace       used 99685K, committed 100800K, reserved 1179648K
  class space    used 15719K, committed 16192K, reserved 1048576K
}
Event: 9.007 GC heap after
{Heap after GC invocations=21 (full 0):
 garbage-first heap   total reserved 30932992K, committed 737280K, used 261103K [0x00000000a0000000, 0x0000000800000000)
  region size 16384K, 4 young (65536K), 4 survivors (65536K)
 Metaspace       used 99685K, committed 100800K, reserved 1179648K
  class space    used 15719K, committed 16192K, reserved 1048576K
}
Event: 9.189 GC heap before
{Heap before GC invocations=21 (full 0):
 garbage-first heap   total reserved 30932992K, committed 737280K, used 424943K [0x00000000a0000000, 0x0000000800000000)
  region size 16384K, 15 young (245760K), 4 survivors (65536K)
 Metaspace       used 101581K, committed 102720K, reserved 1179648K
  class space    used 16059K, committed 16576K, reserved 1048576K
}
Event: 9.195 GC heap after
{Heap after GC invocations=22 (full 0):
 garbage-first heap   total reserved 30932992K, committed 737280K, used 269605K [0x00000000a0000000, 0x0000000800000000)
  region size 16384K, 1 young (16384K), 1 survivors (16384K)
 Metaspace       used 101581K, committed 102720K, reserved 1179648K
  class space    used 16059K, committed 16576K, reserved 1048576K
}
Event: 9.760 GC heap before
{Heap before GC invocations=23 (full 0):
 garbage-first heap   total reserved 30932992K, committed 737280K, used 613669K [0x00000000a0000000, 0x0000000800000000)
  region size 16384K, 22 young (360448K), 1 survivors (16384K)
 Metaspace       used 109120K, committed 110336K, reserved 1179648K
  class space    used 17291K, committed 17792K, reserved 1048576K
}
Event: 9.764 GC heap after
{Heap after GC invocations=24 (full 0):
 garbage-first heap   total reserved 30932992K, committed 737280K, used 273837K [0x00000000a0000000, 0x0000000800000000)
  region size 16384K, 1 young (16384K), 1 survivors (16384K)
 Metaspace       used 109120K, committed 110336K, reserved 1179648K
  class space    used 17291K, committed 17792K, reserved 1048576K
}
Event: 10.522 GC heap before
{Heap before GC invocations=24 (full 0):
 garbage-first heap   total reserved 30932992K, committed 737280K, used 617901K [0x00000000a0000000, 0x0000000800000000)
  region size 16384K, 23 young (376832K), 1 survivors (16384K)
 Metaspace       used 122157K, committed 123328K, reserved 1179648K
  class space    used 19410K, committed 19904K, reserved 1048576K
}
Event: 10.528 GC heap after
{Heap after GC invocations=25 (full 0):
 garbage-first heap   total reserved 30932992K, committed 737280K, used 304049K [0x00000000a0000000, 0x0000000800000000)
  region size 16384K, 3 young (49152K), 3 survivors (49152K)
 Metaspace       used 122157K, committed 123328K, reserved 1179648K
  class space    used 19410K, committed 19904K, reserved 1048576K
}
Event: 10.771 GC heap before
{Heap before GC invocations=25 (full 0):
 garbage-first heap   total reserved 30932992K, committed 737280K, used 615345K [0x00000000a0000000, 0x0000000800000000)
  region size 16384K, 23 young (376832K), 3 survivors (49152K)
 Metaspace       used 126003K, committed 127360K, reserved 1179648K
  class space    used 19990K, committed 20544K, reserved 1048576K
}
Event: 10.780 GC heap after
{Heap after GC invocations=26 (full 0):
 garbage-first heap   total reserved 30932992K, committed 737280K, used 341738K [0x00000000a0000000, 0x0000000800000000)
  region size 16384K, 3 young (49152K), 3 survivors (49152K)
 Metaspace       used 126003K, committed 127360K, reserved 1179648K
  class space    used 19990K, committed 20544K, reserved 1048576K
}
Event: 10.994 GC heap before
{Heap before GC invocations=27 (full 0):
 garbage-first heap   total reserved 30932992K, committed 737280K, used 620266K [0x00000000a0000000, 0x0000000800000000)
  region size 16384K, 21 young (344064K), 3 survivors (49152K)
 Metaspace       used 126545K, committed 127936K, reserved 1179648K
  class space    used 20016K, committed 20608K, reserved 1048576K
}
Event: 11.001 GC heap after
{Heap after GC invocations=28 (full 0):
 garbage-first heap   total reserved 30932992K, committed 737280K, used 371801K [0x00000000a0000000, 0x0000000800000000)
  region size 16384K, 2 young (32768K), 2 survivors (32768K)
 Metaspace       used 126545K, committed 127936K, reserved 1179648K
  class space    used 20016K, committed 20608K, reserved 1048576K
}
Event: 11.200 GC heap before
{Heap before GC invocations=28 (full 0):
 garbage-first heap   total reserved 30932992K, committed 737280K, used 633945K [0x00000000a0000000, 0x0000000800000000)
  region size 16384K, 19 young (311296K), 2 survivors (32768K)
 Metaspace       used 127051K, committed 128448K, reserved 1179648K
  class space    used 20071K, committed 20672K, reserved 1048576K
}
Event: 11.206 GC heap after
{Heap after GC invocations=29 (full 0):
 garbage-first heap   total reserved 30932992K, committed 737280K, used 386808K [0x00000000a0000000, 0x0000000800000000)
  region size 16384K, 3 young (49152K), 3 survivors (49152K)
 Metaspace       used 127051K, committed 128448K, reserved 1179648K
  class space    used 20071K, committed 20672K, reserved 1048576K
}
Event: 11.410 GC heap before
{Heap before GC invocations=29 (full 0):
 garbage-first heap   total reserved 30932992K, committed 737280K, used 616184K [0x00000000a0000000, 0x0000000800000000)
  region size 16384K, 18 young (294912K), 3 survivors (49152K)
 Metaspace       used 128169K, committed 129664K, reserved 1179648K
  class space    used 20242K, committed 20864K, reserved 1048576K
}
Event: 11.416 GC heap after
{Heap after GC invocations=30 (full 0):
 garbage-first heap   total reserved 30932992K, committed 983040K, used 401132K [0x00000000a0000000, 0x0000000800000000)
  region size 16384K, 3 young (49152K), 3 survivors (49152K)
 Metaspace       used 128169K, committed 129664K, reserved 1179648K
  class space    used 20242K, committed 20864K, reserved 1048576K
}
Event: 11.687 GC heap before
{Heap before GC invocations=31 (full 0):
 garbage-first heap   total reserved 30932992K, committed 983040K, used 810732K [0x00000000a0000000, 0x0000000800000000)
  region size 16384K, 29 young (475136K), 3 survivors (49152K)
 Metaspace       used 129073K, committed 130496K, reserved 1179648K
  class space    used 20331K, committed 20928K, reserved 1048576K
}
Event: 11.692 GC heap after
{Heap after GC invocations=32 (full 0):
 garbage-first heap   total reserved 30932992K, committed 983040K, used 430691K [0x00000000a0000000, 0x0000000800000000)
  region size 16384K, 4 young (65536K), 4 survivors (65536K)
 Metaspace       used 129073K, committed 130496K, reserved 1179648K
  class space    used 20331K, committed 20928K, reserved 1048576K
}
Event: 12.410 GC heap before
{Heap before GC invocations=32 (full 0):
 garbage-first heap   total reserved 30932992K, committed 983040K, used 840291K [0x00000000a0000000, 0x0000000800000000)
  region size 16384K, 30 young (491520K), 4 survivors (65536K)
 Metaspace       used 129697K, committed 131200K, reserved 1179648K
  class space    used 20376K, committed 20992K, reserved 1048576K
}
Event: 12.416 GC heap after
{Heap after GC invocations=33 (full 0):
 garbage-first heap   total reserved 30932992K, committed 983040K, used 437835K [0x00000000a0000000, 0x0000000800000000)
  region size 16384K, 3 young (49152K), 3 survivors (49152K)
 Metaspace       used 129697K, committed 131200K, reserved 1179648K
  class space    used 20376K, committed 20992K, reserved 1048576K
}

