# JRE version: OpenJDK Runtime Environment (23.0.1) (build 23.0.1)
# Java VM: OpenJDK 64-Bit Server VM (23.0.1, mixed mode, sharing, tiered, compressed oops, compressed class ptrs, g1 gc, linux-amd64)
GC Precious Log:
 CardTable entry size: 512
 Card Set container configuration: InlinePtr #cards 3 size 8 Array Of Cards #cards 128 size 272 Howl #buckets 8 coarsen threshold 29491 Howl Bitmap #cards 4096 size 528 coarsen threshold 3686 Card regions per heap region 1 cards per card region 32768
 CPUs: 32 total, 32 available
 Memory: 125G
 Large Page Support: Disabled
 NUMA Support: Disabled
 Compressed Oops: Enabled (Zero based)
 Heap Region Size: 16M
 Heap Min Capacity: 16M
 Heap Initial Capacity: 2016M
 Heap Max Capacity: 30208M
 Pre-touch: Disabled
 Parallel Workers: 23
 Concurrent Workers: 6
 Concurrent Refinement Workers: 23
 Periodic GC: Disabled
Heap:
 garbage-first heap   total reserved 30932992K, committed 983040K, used 596695K [0x00000000a0000000, 0x0000000800000000)
  region size 16384K, 14 young (229376K), 3 survivors (49152K)
 Metaspace       used 131968K, committed 133440K, reserved 1179648K
  class space    used 20582K, committed 21184K, reserved 1048576K
GC Heap History (20 events):
Event: 9.914 GC heap before
{Heap before GC invocations=23 (full 0):
 garbage-first heap   total reserved 30932992K, committed 737280K, used 613972K [0x00000000a0000000, 0x0000000800000000)
  region size 16384K, 22 young (360448K), 1 survivors (16384K)
 Metaspace       used 109144K, committed 110400K, reserved 1179648K
  class space    used 17296K, committed 17856K, reserved 1048576K
}
Event: 9.917 GC heap after
{Heap after GC invocations=24 (full 0):
 garbage-first heap   total reserved 30932992K, committed 737280K, used 273205K [0x00000000a0000000, 0x0000000800000000)
  region size 16384K, 1 young (16384K), 1 survivors (16384K)
 Metaspace       used 109144K, committed 110400K, reserved 1179648K
  class space    used 17296K, committed 17856K, reserved 1048576K
}
Event: 10.667 GC heap before
{Heap before GC invocations=24 (full 0):
 garbage-first heap   total reserved 30932992K, committed 737280K, used 633653K [0x00000000a0000000, 0x0000000800000000)
  region size 16384K, 23 young (376832K), 1 survivors (16384K)
 Metaspace       used 121678K, committed 122880K, reserved 1179648K
  class space    used 19318K, committed 19840K, reserved 1048576K
}
Event: 10.672 GC heap after
{Heap after GC invocations=25 (full 0):
 garbage-first heap   total reserved 30932992K, committed 737280K, used 297535K [0x00000000a0000000, 0x0000000800000000)
  region size 16384K, 3 young (49152K), 3 survivors (49152K)
 Metaspace       used 121678K, committed 122880K, reserved 1179648K
  class space    used 19318K, committed 19840K, reserved 1048576K
}
Event: 10.958 GC heap before
{Heap before GC invocations=25 (full 0):
 garbage-first heap   total reserved 30932992K, committed 737280K, used 608831K [0x00000000a0000000, 0x0000000800000000)
  region size 16384K, 23 young (376832K), 3 survivors (49152K)
 Metaspace       used 125745K, committed 127104K, reserved 1179648K
  class space    used 19948K, committed 20544K, reserved 1048576K
}
Event: 10.966 GC heap after
{Heap after GC invocations=26 (full 0):
 garbage-first heap   total reserved 30932992K, committed 737280K, used 338834K [0x00000000a0000000, 0x0000000800000000)
  region size 16384K, 3 young (49152K), 3 survivors (49152K)
 Metaspace       used 125745K, committed 127104K, reserved 1179648K
  class space    used 19948K, committed 20544K, reserved 1048576K
}
Event: 11.192 GC heap before
{Heap before GC invocations=27 (full 0):
 garbage-first heap   total reserved 30932992K, committed 737280K, used 617362K [0x00000000a0000000, 0x0000000800000000)
  region size 16384K, 21 young (344064K), 3 survivors (49152K)
 Metaspace       used 126554K, committed 127936K, reserved 1179648K
  class space    used 20001K, committed 20608K, reserved 1048576K
}
Event: 11.198 GC heap after
{Heap after GC invocations=28 (full 0):
 garbage-first heap   total reserved 30932992K, committed 737280K, used 383850K [0x00000000a0000000, 0x0000000800000000)
  region size 16384K, 2 young (32768K), 2 survivors (32768K)
 Metaspace       used 126554K, committed 127936K, reserved 1179648K
  class space    used 20001K, committed 20608K, reserved 1048576K
}
Event: 11.371 GC heap before
{Heap before GC invocations=28 (full 0):
 garbage-first heap   total reserved 30932992K, committed 737280K, used 629610K [0x00000000a0000000, 0x0000000800000000)
  region size 16384K, 18 young (294912K), 2 survivors (32768K)
 Metaspace       used 127875K, committed 129280K, reserved 1179648K
  class space    used 20216K, committed 20800K, reserved 1048576K
}
Event: 11.377 GC heap after
{Heap after GC invocations=29 (full 0):
 garbage-first heap   total reserved 30932992K, committed 737280K, used 389136K [0x00000000a0000000, 0x0000000800000000)
  region size 16384K, 3 young (49152K), 3 survivors (49152K)
 Metaspace       used 127875K, committed 129280K, reserved 1179648K
  class space    used 20216K, committed 20800K, reserved 1048576K
}
Event: 11.480 GC heap before
{Heap before GC invocations=29 (full 0):
 garbage-first heap   total reserved 30932992K, committed 737280K, used 618512K [0x00000000a0000000, 0x0000000800000000)
  region size 16384K, 18 young (294912K), 3 survivors (49152K)
 Metaspace       used 128114K, committed 129600K, reserved 1179648K
  class space    used 20230K, committed 20864K, reserved 1048576K
}
Event: 11.486 GC heap after
{Heap after GC invocations=30 (full 0):
 garbage-first heap   total reserved 30932992K, committed 983040K, used 409945K [0x00000000a0000000, 0x0000000800000000)
  region size 16384K, 3 young (49152K), 3 survivors (49152K)
 Metaspace       used 128114K, committed 129600K, reserved 1179648K
  class space    used 20230K, committed 20864K, reserved 1048576K
}
Event: 11.779 GC heap before
{Heap before GC invocations=31 (full 0):
 garbage-first heap   total reserved 30932992K, committed 983040K, used 835929K [0x00000000a0000000, 0x0000000800000000)
  region size 16384K, 30 young (491520K), 3 survivors (49152K)
 Metaspace       used 129038K, committed 130432K, reserved 1179648K
  class space    used 20326K, committed 20928K, reserved 1048576K
}
Event: 11.785 GC heap after
{Heap after GC invocations=32 (full 0):
 garbage-first heap   total reserved 30932992K, committed 983040K, used 469451K [0x00000000a0000000, 0x0000000800000000)
  region size 16384K, 4 young (65536K), 4 survivors (65536K)
 Metaspace       used 129038K, committed 130432K, reserved 1179648K
  class space    used 20326K, committed 20928K, reserved 1048576K
}
Event: 12.670 GC heap before
{Heap before GC invocations=32 (full 0):
 garbage-first heap   total reserved 30932992K, committed 983040K, used 846283K [0x00000000a0000000, 0x0000000800000000)
  region size 16384K, 27 young (442368K), 4 survivors (65536K)
 Metaspace       used 129696K, committed 131200K, reserved 1179648K
  class space    used 20366K, committed 20992K, reserved 1048576K
}
Event: 12.676 GC heap after
{Heap after GC invocations=33 (full 0):
 garbage-first heap   total reserved 30932992K, committed 983040K, used 439101K [0x00000000a0000000, 0x0000000800000000)
  region size 16384K, 3 young (49152K), 3 survivors (49152K)
 Metaspace       used 129696K, committed 131200K, reserved 1179648K
  class space    used 20366K, committed 20992K, reserved 1048576K
}
Event: 16.320 GC heap before
{Heap before GC invocations=33 (full 0):
 garbage-first heap   total reserved 30932992K, committed 983040K, used 865085K [0x00000000a0000000, 0x0000000800000000)
  region size 16384K, 29 young (475136K), 3 survivors (49152K)
 Metaspace       used 130821K, committed 132288K, reserved 1179648K
  class space    used 20410K, committed 21056K, reserved 1048576K
}
Event: 16.323 GC heap after
{Heap after GC invocations=34 (full 0):
 garbage-first heap   total reserved 30932992K, committed 983040K, used 439363K [0x00000000a0000000, 0x0000000800000000)
  region size 16384K, 3 young (49152K), 3 survivors (49152K)
 Metaspace       used 130821K, committed 132288K, reserved 1179648K
  class space    used 20410K, committed 21056K, reserved 1048576K
}
Event: 17.649 GC heap before
{Heap before GC invocations=35 (full 0):
 garbage-first heap   total reserved 30932992K, committed 983040K, used 865347K [0x00000000a0000000, 0x0000000800000000)
  region size 16384K, 29 young (475136K), 3 survivors (49152K)
 Metaspace       used 131386K, committed 132864K, reserved 1179648K
  class space    used 20494K, committed 21120K, reserved 1048576K
}
Event: 17.653 GC heap after
{Heap after GC invocations=36 (full 0):
 garbage-first heap   total reserved 30932992K, committed 983040K, used 449239K [0x00000000a0000000, 0x0000000800000000)
  region size 16384K, 3 young (49152K), 3 survivors (49152K)
 Metaspace       used 131386K, committed 132864K, reserved 1179648K
  class space    used 20494K, committed 21120K, reserved 1048576K
}

