# JRE version: OpenJDK Runtime Environment (23.0.1) (build 23.0.1)
# Java VM: OpenJDK 64-Bit Server VM (23.0.1, mixed mode, sharing, tiered, compressed oops, compressed class ptrs, g1 gc, linux-amd64)
GC Precious Log:
 CardTable entry size: 512
 Card Set container configuration: InlinePtr #cards 3 size 8 Array Of Cards #cards 128 size 272 Howl #buckets 8 coarsen threshold 29491 Howl Bitmap #cards 4096 size 528 coarsen threshold 3686 Card regions per heap region 1 cards per card region 32768
 CPUs: 32 total, 32 available
 Memory: 125G
 Large Page Support: Disabled
 NUMA Support: Disabled
 Compressed Oops: Enabled (Zero based)
 Heap Region Size: 16M
 Heap Min Capacity: 16M
 Heap Initial Capacity: 2016M
 Heap Max Capacity: 30208M
 Pre-touch: Disabled
 Parallel Workers: 23
 Concurrent Workers: 6
 Concurrent Refinement Workers: 23
 Periodic GC: Disabled
Heap:
 garbage-first heap   total reserved 30932992K, committed 966656K, used 668769K [0x00000000a0000000, 0x0000000800000000)
  region size 16384K, 18 young (294912K), 3 survivors (49152K)
 Metaspace       used 131664K, committed 133120K, reserved 1179648K
  class space    used 20523K, committed 21120K, reserved 1048576K
GC Heap History (20 events):
Event: 9.377 GC heap before
{Heap before GC invocations=21 (full 0):
 garbage-first heap   total reserved 30932992K, committed 737280K, used 442656K [0x00000000a0000000, 0x0000000800000000)
  region size 16384K, 16 young (262144K), 4 survivors (65536K)
 Metaspace       used 102562K, committed 103680K, reserved 1179648K
  class space    used 16280K, committed 16768K, reserved 1048576K
}
Event: 9.383 GC heap after
{Heap after GC invocations=22 (full 0):
 garbage-first heap   total reserved 30932992K, committed 737280K, used 270266K [0x00000000a0000000, 0x0000000800000000)
  region size 16384K, 1 young (16384K), 1 survivors (16384K)
 Metaspace       used 102562K, committed 103680K, reserved 1179648K
  class space    used 16280K, committed 16768K, reserved 1048576K
}
Event: 9.939 GC heap before
{Heap before GC invocations=23 (full 0):
 garbage-first heap   total reserved 30932992K, committed 737280K, used 614330K [0x00000000a0000000, 0x0000000800000000)
  region size 16384K, 22 young (360448K), 1 survivors (16384K)
 Metaspace       used 109281K, committed 110464K, reserved 1179648K
  class space    used 17329K, committed 17856K, reserved 1048576K
}
Event: 9.942 GC heap after
{Heap after GC invocations=24 (full 0):
 garbage-first heap   total reserved 30932992K, committed 737280K, used 273368K [0x00000000a0000000, 0x0000000800000000)
  region size 16384K, 1 young (16384K), 1 survivors (16384K)
 Metaspace       used 109281K, committed 110464K, reserved 1179648K
  class space    used 17329K, committed 17856K, reserved 1048576K
}
Event: 10.703 GC heap before
{Heap before GC invocations=24 (full 0):
 garbage-first heap   total reserved 30932992K, committed 737280K, used 633816K [0x00000000a0000000, 0x0000000800000000)
  region size 16384K, 23 young (376832K), 1 survivors (16384K)
 Metaspace       used 122154K, committed 123392K, reserved 1179648K
  class space    used 19375K, committed 19904K, reserved 1048576K
}
Event: 10.708 GC heap after
{Heap after GC invocations=25 (full 0):
 garbage-first heap   total reserved 30932992K, committed 737280K, used 297476K [0x00000000a0000000, 0x0000000800000000)
  region size 16384K, 3 young (49152K), 3 survivors (49152K)
 Metaspace       used 122154K, committed 123392K, reserved 1179648K
  class space    used 19375K, committed 19904K, reserved 1048576K
}
Event: 10.972 GC heap before
{Heap before GC invocations=25 (full 0):
 garbage-first heap   total reserved 30932992K, committed 737280K, used 608772K [0x00000000a0000000, 0x0000000800000000)
  region size 16384K, 23 young (376832K), 3 survivors (49152K)
 Metaspace       used 125963K, committed 127360K, reserved 1179648K
  class space    used 19940K, committed 20544K, reserved 1048576K
}
Event: 10.982 GC heap after
{Heap after GC invocations=26 (full 0):
 garbage-first heap   total reserved 30932992K, committed 737280K, used 341782K [0x00000000a0000000, 0x0000000800000000)
  region size 16384K, 3 young (49152K), 3 survivors (49152K)
 Metaspace       used 125963K, committed 127360K, reserved 1179648K
  class space    used 19940K, committed 20544K, reserved 1048576K
}
Event: 11.207 GC heap before
{Heap before GC invocations=26 (full 0):
 garbage-first heap   total reserved 30932992K, committed 737280K, used 620310K [0x00000000a0000000, 0x0000000800000000)
  region size 16384K, 21 young (344064K), 3 survivors (49152K)
 Metaspace       used 126769K, committed 128192K, reserved 1179648K
  class space    used 20017K, committed 20608K, reserved 1048576K
}
Event: 11.213 GC heap after
{Heap after GC invocations=27 (full 0):
 garbage-first heap   total reserved 30932992K, committed 737280K, used 368098K [0x00000000a0000000, 0x0000000800000000)
  region size 16384K, 2 young (32768K), 2 survivors (32768K)
 Metaspace       used 126769K, committed 128192K, reserved 1179648K
  class space    used 20017K, committed 20608K, reserved 1048576K
}
Event: 11.416 GC heap before
{Heap before GC invocations=28 (full 0):
 garbage-first heap   total reserved 30932992K, committed 737280K, used 630242K [0x00000000a0000000, 0x0000000800000000)
  region size 16384K, 19 young (311296K), 2 survivors (32768K)
 Metaspace       used 127737K, committed 129216K, reserved 1179648K
  class space    used 20174K, committed 20800K, reserved 1048576K
}
Event: 11.420 GC heap after
{Heap after GC invocations=29 (full 0):
 garbage-first heap   total reserved 30932992K, committed 737280K, used 388386K [0x00000000a0000000, 0x0000000800000000)
  region size 16384K, 3 young (49152K), 3 survivors (49152K)
 Metaspace       used 127737K, committed 129216K, reserved 1179648K
  class space    used 20174K, committed 20800K, reserved 1048576K
}
Event: 11.506 GC heap before
{Heap before GC invocations=29 (full 0):
 garbage-first heap   total reserved 30932992K, committed 737280K, used 617762K [0x00000000a0000000, 0x0000000800000000)
  region size 16384K, 18 young (294912K), 3 survivors (49152K)
 Metaspace       used 127906K, committed 129344K, reserved 1179648K
  class space    used 20181K, committed 20800K, reserved 1048576K
}
Event: 11.513 GC heap after
{Heap after GC invocations=30 (full 0):
 garbage-first heap   total reserved 30932992K, committed 966656K, used 421469K [0x00000000a0000000, 0x0000000800000000)
  region size 16384K, 3 young (49152K), 3 survivors (49152K)
 Metaspace       used 127906K, committed 129344K, reserved 1179648K
  class space    used 20181K, committed 20800K, reserved 1048576K
}
Event: 11.777 GC heap before
{Heap before GC invocations=30 (full 0):
 garbage-first heap   total reserved 30932992K, committed 966656K, used 814685K [0x00000000a0000000, 0x0000000800000000)
  region size 16384K, 28 young (458752K), 3 survivors (49152K)
 Metaspace       used 128261K, committed 129792K, reserved 1179648K
  class space    used 20217K, committed 20864K, reserved 1048576K
}
Event: 11.783 GC heap after
{Heap after GC invocations=31 (full 0):
 garbage-first heap   total reserved 30932992K, committed 966656K, used 432764K [0x00000000a0000000, 0x0000000800000000)
  region size 16384K, 4 young (65536K), 4 survivors (65536K)
 Metaspace       used 128261K, committed 129792K, reserved 1179648K
  class space    used 20217K, committed 20864K, reserved 1048576K
}
Event: 12.526 GC heap before
{Heap before GC invocations=31 (full 0):
 garbage-first heap   total reserved 30932992K, committed 966656K, used 793212K [0x00000000a0000000, 0x0000000800000000)
  region size 16384K, 27 young (442368K), 4 survivors (65536K)
 Metaspace       used 129569K, committed 131136K, reserved 1179648K
  class space    used 20342K, committed 20992K, reserved 1048576K
}
Event: 12.531 GC heap after
{Heap after GC invocations=32 (full 0):
 garbage-first heap   total reserved 30932992K, committed 966656K, used 440106K [0x00000000a0000000, 0x0000000800000000)
  region size 16384K, 3 young (49152K), 3 survivors (49152K)
 Metaspace       used 129569K, committed 131136K, reserved 1179648K
  class space    used 20342K, committed 20992K, reserved 1048576K
}
Event: 15.456 GC heap before
{Heap before GC invocations=32 (full 0):
 garbage-first heap   total reserved 30932992K, committed 966656K, used 816938K [0x00000000a0000000, 0x0000000800000000)
  region size 16384K, 27 young (442368K), 3 survivors (49152K)
 Metaspace       used 130525K, committed 132032K, reserved 1179648K
  class space    used 20377K, committed 20992K, reserved 1048576K
}
Event: 15.459 GC heap after
{Heap after GC invocations=33 (full 0):
 garbage-first heap   total reserved 30932992K, committed 966656K, used 439393K [0x00000000a0000000, 0x0000000800000000)
  region size 16384K, 3 young (49152K), 3 survivors (49152K)
 Metaspace       used 130525K, committed 132032K, reserved 1179648K
  class space    used 20377K, committed 20992K, reserved 1048576K
}

