# JRE version: OpenJDK Runtime Environment (23.0.1) (build 23.0.1)
# Java VM: OpenJDK 64-Bit Server VM (23.0.1, mixed mode, sharing, tiered, compressed oops, compressed class ptrs, g1 gc, linux-amd64)
GC Precious Log:
 CardTable entry size: 512
 Card Set container configuration: InlinePtr #cards 3 size 8 Array Of Cards #cards 128 size 272 Howl #buckets 8 coarsen threshold 29491 Howl Bitmap #cards 4096 size 528 coarsen threshold 3686 Card regions per heap region 1 cards per card region 32768
 CPUs: 32 total, 32 available
 Memory: 125G
 Large Page Support: Disabled
 NUMA Support: Disabled
 Compressed Oops: Enabled (Zero based)
 Heap Region Size: 16M
 Heap Min Capacity: 16M
 Heap Initial Capacity: 2016M
 Heap Max Capacity: 30208M
 Pre-touch: Disabled
 Parallel Workers: 23
 Concurrent Workers: 6
 Concurrent Refinement Workers: 23
 Periodic GC: Disabled
Heap:
 garbage-first heap   total reserved 30932992K, committed 999424K, used 468286K [0x00000000a0000000, 0x0000000800000000)
  region size 16384K, 4 young (65536K), 2 survivors (32768K)
 Metaspace       used 130431K, committed 131904K, reserved 1179648K
  class space    used 20479K, committed 21120K, reserved 1048576K
GC Heap History (20 events):
Event: 9.012 GC heap before
{Heap before GC invocations=21 (full 0):
 garbage-first heap   total reserved 30932992K, committed 737280K, used 410652K [0x00000000a0000000, 0x0000000800000000)
  region size 16384K, 14 young (229376K), 4 survivors (65536K)
 Metaspace       used 101385K, committed 102528K, reserved 1179648K
  class space    used 16012K, committed 16512K, reserved 1048576K
}
Event: 9.017 GC heap after
{Heap after GC invocations=22 (full 0):
 garbage-first heap   total reserved 30932992K, committed 737280K, used 269518K [0x00000000a0000000, 0x0000000800000000)
  region size 16384K, 1 young (16384K), 1 survivors (16384K)
 Metaspace       used 101385K, committed 102528K, reserved 1179648K
  class space    used 16012K, committed 16512K, reserved 1048576K
}
Event: 9.506 GC heap before
{Heap before GC invocations=23 (full 0):
 garbage-first heap   total reserved 30932992K, committed 737280K, used 613582K [0x00000000a0000000, 0x0000000800000000)
  region size 16384K, 22 young (360448K), 1 survivors (16384K)
 Metaspace       used 109205K, committed 110464K, reserved 1179648K
  class space    used 17319K, committed 17856K, reserved 1048576K
}
Event: 9.509 GC heap after
{Heap after GC invocations=24 (full 0):
 garbage-first heap   total reserved 30932992K, committed 737280K, used 272571K [0x00000000a0000000, 0x0000000800000000)
  region size 16384K, 1 young (16384K), 1 survivors (16384K)
 Metaspace       used 109205K, committed 110464K, reserved 1179648K
  class space    used 17319K, committed 17856K, reserved 1048576K
}
Event: 10.325 GC heap before
{Heap before GC invocations=24 (full 0):
 garbage-first heap   total reserved 30932992K, committed 737280K, used 616635K [0x00000000a0000000, 0x0000000800000000)
  region size 16384K, 23 young (376832K), 1 survivors (16384K)
 Metaspace       used 121156K, committed 122368K, reserved 1179648K
  class space    used 19214K, committed 19712K, reserved 1048576K
}
Event: 10.330 GC heap after
{Heap after GC invocations=25 (full 0):
 garbage-first heap   total reserved 30932992K, committed 737280K, used 293573K [0x00000000a0000000, 0x0000000800000000)
  region size 16384K, 3 young (49152K), 3 survivors (49152K)
 Metaspace       used 121156K, committed 122368K, reserved 1179648K
  class space    used 19214K, committed 19712K, reserved 1048576K
}
Event: 10.665 GC heap before
{Heap before GC invocations=25 (full 0):
 garbage-first heap   total reserved 30932992K, committed 737280K, used 604869K [0x00000000a0000000, 0x0000000800000000)
  region size 16384K, 23 young (376832K), 3 survivors (49152K)
 Metaspace       used 126014K, committed 127360K, reserved 1179648K
  class space    used 19959K, committed 20544K, reserved 1048576K
}
Event: 10.675 GC heap after
{Heap after GC invocations=26 (full 0):
 garbage-first heap   total reserved 30932992K, committed 737280K, used 340055K [0x00000000a0000000, 0x0000000800000000)
  region size 16384K, 3 young (49152K), 3 survivors (49152K)
 Metaspace       used 126014K, committed 127360K, reserved 1179648K
  class space    used 19959K, committed 20544K, reserved 1048576K
}
Event: 10.918 GC heap before
{Heap before GC invocations=27 (full 0):
 garbage-first heap   total reserved 30932992K, committed 737280K, used 634967K [0x00000000a0000000, 0x0000000800000000)
  region size 16384K, 21 young (344064K), 3 survivors (49152K)
 Metaspace       used 126518K, committed 127936K, reserved 1179648K
  class space    used 20002K, committed 20608K, reserved 1048576K
}
Event: 10.924 GC heap after
{Heap after GC invocations=28 (full 0):
 garbage-first heap   total reserved 30932992K, committed 737280K, used 368919K [0x00000000a0000000, 0x0000000800000000)
  region size 16384K, 2 young (32768K), 2 survivors (32768K)
 Metaspace       used 126518K, committed 127936K, reserved 1179648K
  class space    used 20002K, committed 20608K, reserved 1048576K
}
Event: 11.074 GC heap before
{Heap before GC invocations=28 (full 0):
 garbage-first heap   total reserved 30932992K, committed 737280K, used 631063K [0x00000000a0000000, 0x0000000800000000)
  region size 16384K, 19 young (311296K), 2 survivors (32768K)
 Metaspace       used 127085K, committed 128512K, reserved 1179648K
  class space    used 20071K, committed 20672K, reserved 1048576K
}
Event: 11.081 GC heap after
{Heap after GC invocations=29 (full 0):
 garbage-first heap   total reserved 30932992K, committed 737280K, used 402653K [0x00000000a0000000, 0x0000000800000000)
  region size 16384K, 3 young (49152K), 3 survivors (49152K)
 Metaspace       used 127085K, committed 128512K, reserved 1179648K
  class space    used 20071K, committed 20672K, reserved 1048576K
}
Event: 11.230 GC heap before
{Heap before GC invocations=29 (full 0):
 garbage-first heap   total reserved 30932992K, committed 737280K, used 615645K [0x00000000a0000000, 0x0000000800000000)
  region size 16384K, 17 young (278528K), 3 survivors (49152K)
 Metaspace       used 127966K, committed 129472K, reserved 1179648K
  class space    used 20213K, committed 20864K, reserved 1048576K
}
Event: 11.235 GC heap after
{Heap after GC invocations=30 (full 0):
 garbage-first heap   total reserved 30932992K, committed 999424K, used 413753K [0x00000000a0000000, 0x0000000800000000)
  region size 16384K, 2 young (32768K), 2 survivors (32768K)
 Metaspace       used 127966K, committed 129472K, reserved 1179648K
  class space    used 20213K, committed 20864K, reserved 1048576K
}
Event: 11.547 GC heap before
{Heap before GC invocations=31 (full 0):
 garbage-first heap   total reserved 30932992K, committed 999424K, used 856121K [0x00000000a0000000, 0x0000000800000000)
  region size 16384K, 30 young (491520K), 2 survivors (32768K)
 Metaspace       used 128464K, committed 129920K, reserved 1179648K
  class space    used 20252K, committed 20864K, reserved 1048576K
}
Event: 11.552 GC heap after
{Heap after GC invocations=32 (full 0):
 garbage-first heap   total reserved 30932992K, committed 999424K, used 428079K [0x00000000a0000000, 0x0000000800000000)
  region size 16384K, 4 young (65536K), 4 survivors (65536K)
 Metaspace       used 128464K, committed 129920K, reserved 1179648K
  class space    used 20252K, committed 20864K, reserved 1048576K
}
Event: 12.033 GC heap before
{Heap before GC invocations=32 (full 0):
 garbage-first heap   total reserved 30932992K, committed 999424K, used 837679K [0x00000000a0000000, 0x0000000800000000)
  region size 16384K, 30 young (491520K), 4 survivors (65536K)
 Metaspace       used 128868K, committed 130368K, reserved 1179648K
  class space    used 20280K, committed 20928K, reserved 1048576K
}
Event: 12.040 GC heap after
{Heap after GC invocations=33 (full 0):
 garbage-first heap   total reserved 30932992K, committed 999424K, used 437737K [0x00000000a0000000, 0x0000000800000000)
  region size 16384K, 3 young (49152K), 3 survivors (49152K)
 Metaspace       used 128868K, committed 130368K, reserved 1179648K
  class space    used 20280K, committed 20928K, reserved 1048576K
}
Event: 14.161 GC heap before
{Heap before GC invocations=33 (full 0):
 garbage-first heap   total reserved 30932992K, committed 999424K, used 863721K [0x00000000a0000000, 0x0000000800000000)
  region size 16384K, 30 young (491520K), 3 survivors (49152K)
 Metaspace       used 130302K, committed 131776K, reserved 1179648K
  class space    used 20456K, committed 21056K, reserved 1048576K
}
Event: 14.167 GC heap after
{Heap after GC invocations=34 (full 0):
 garbage-first heap   total reserved 30932992K, committed 999424K, used 451902K [0x00000000a0000000, 0x0000000800000000)
  region size 16384K, 2 young (32768K), 2 survivors (32768K)
 Metaspace       used 130302K, committed 131776K, reserved 1179648K
  class space    used 20456K, committed 21056K, reserved 1048576K
}

