# JRE version: OpenJDK Runtime Environment (23.0.1) (build 23.0.1)
# Java VM: OpenJDK 64-Bit Server VM (23.0.1, mixed mode, sharing, tiered, compressed oops, compressed class ptrs, g1 gc, linux-amd64)
GC Precious Log:
 CardTable entry size: 512
 Card Set container configuration: InlinePtr #cards 3 size 8 Array Of Cards #cards 128 size 272 Howl #buckets 8 coarsen threshold 29491 Howl Bitmap #cards 4096 size 528 coarsen threshold 3686 Card regions per heap region 1 cards per card region 32768
 CPUs: 32 total, 32 available
 Memory: 125G
 Large Page Support: Disabled
 NUMA Support: Disabled
 Compressed Oops: Enabled (Zero based)
 Heap Region Size: 16M
 Heap Min Capacity: 16M
 Heap Initial Capacity: 2016M
 Heap Max Capacity: 30208M
 Pre-touch: Disabled
 Parallel Workers: 23
 Concurrent Workers: 6
 Concurrent Refinement Workers: 23
 Periodic GC: Disabled
Heap:
 garbage-first heap   total reserved 30932992K, committed 1015808K, used 438799K [0x00000000a0000000, 0x0000000800000000)
  region size 16384K, 2 young (32768K), 1 survivors (16384K)
 Metaspace       used 131568K, committed 132992K, reserved 1179648K
  class space    used 20575K, committed 21184K, reserved 1048576K
GC Heap History (20 events):
Event: 9.385 GC heap before
{Heap before GC invocations=21 (full 0):
 garbage-first heap   total reserved 30932992K, committed 737280K, used 425273K [0x00000000a0000000, 0x0000000800000000)
  region size 16384K, 15 young (245760K), 4 survivors (65536K)
 Metaspace       used 101911K, committed 103040K, reserved 1179648K
  class space    used 16133K, committed 16640K, reserved 1048576K
}
Event: 9.390 GC heap after
{Heap after GC invocations=22 (full 0):
 garbage-first heap   total reserved 30932992K, committed 737280K, used 269755K [0x00000000a0000000, 0x0000000800000000)
  region size 16384K, 1 young (16384K), 1 survivors (16384K)
 Metaspace       used 101911K, committed 103040K, reserved 1179648K
  class space    used 16133K, committed 16640K, reserved 1048576K
}
Event: 9.922 GC heap before
{Heap before GC invocations=23 (full 0):
 garbage-first heap   total reserved 30932992K, committed 737280K, used 613819K [0x00000000a0000000, 0x0000000800000000)
  region size 16384K, 22 young (360448K), 1 survivors (16384K)
 Metaspace       used 109189K, committed 110400K, reserved 1179648K
  class space    used 17300K, committed 17856K, reserved 1048576K
}
Event: 9.925 GC heap after
{Heap after GC invocations=24 (full 0):
 garbage-first heap   total reserved 30932992K, committed 737280K, used 273060K [0x00000000a0000000, 0x0000000800000000)
  region size 16384K, 1 young (16384K), 1 survivors (16384K)
 Metaspace       used 109189K, committed 110400K, reserved 1179648K
  class space    used 17300K, committed 17856K, reserved 1048576K
}
Event: 10.730 GC heap before
{Heap before GC invocations=24 (full 0):
 garbage-first heap   total reserved 30932992K, committed 737280K, used 617124K [0x00000000a0000000, 0x0000000800000000)
  region size 16384K, 23 young (376832K), 1 survivors (16384K)
 Metaspace       used 121931K, committed 123200K, reserved 1179648K
  class space    used 19359K, committed 19904K, reserved 1048576K
}
Event: 10.736 GC heap after
{Heap after GC invocations=25 (full 0):
 garbage-first heap   total reserved 30932992K, committed 737280K, used 292928K [0x00000000a0000000, 0x0000000800000000)
  region size 16384K, 3 young (49152K), 3 survivors (49152K)
 Metaspace       used 121931K, committed 123200K, reserved 1179648K
  class space    used 19359K, committed 19904K, reserved 1048576K
}
Event: 10.985 GC heap before
{Heap before GC invocations=25 (full 0):
 garbage-first heap   total reserved 30932992K, committed 737280K, used 604224K [0x00000000a0000000, 0x0000000800000000)
  region size 16384K, 23 young (376832K), 3 survivors (49152K)
 Metaspace       used 126149K, committed 127552K, reserved 1179648K
  class space    used 19997K, committed 20608K, reserved 1048576K
}
Event: 10.995 GC heap after
{Heap after GC invocations=26 (full 0):
 garbage-first heap   total reserved 30932992K, committed 737280K, used 341371K [0x00000000a0000000, 0x0000000800000000)
  region size 16384K, 3 young (49152K), 3 survivors (49152K)
 Metaspace       used 126149K, committed 127552K, reserved 1179648K
  class space    used 19997K, committed 20608K, reserved 1048576K
}
Event: 11.214 GC heap before
{Heap before GC invocations=27 (full 0):
 garbage-first heap   total reserved 30932992K, committed 737280K, used 619899K [0x00000000a0000000, 0x0000000800000000)
  region size 16384K, 21 young (344064K), 3 survivors (49152K)
 Metaspace       used 126695K, committed 128064K, reserved 1179648K
  class space    used 20043K, committed 20608K, reserved 1048576K
}
Event: 11.221 GC heap after
{Heap after GC invocations=28 (full 0):
 garbage-first heap   total reserved 30932992K, committed 737280K, used 394093K [0x00000000a0000000, 0x0000000800000000)
  region size 16384K, 2 young (32768K), 2 survivors (32768K)
 Metaspace       used 126695K, committed 128064K, reserved 1179648K
  class space    used 20043K, committed 20608K, reserved 1048576K
}
Event: 11.346 GC heap before
{Heap before GC invocations=28 (full 0):
 garbage-first heap   total reserved 30932992K, committed 737280K, used 623469K [0x00000000a0000000, 0x0000000800000000)
  region size 16384K, 17 young (278528K), 2 survivors (32768K)
 Metaspace       used 127174K, committed 128512K, reserved 1179648K
  class space    used 20107K, committed 20672K, reserved 1048576K
}
Event: 11.352 GC heap after
{Heap after GC invocations=29 (full 0):
 garbage-first heap   total reserved 30932992K, committed 737280K, used 393128K [0x00000000a0000000, 0x0000000800000000)
  region size 16384K, 3 young (49152K), 3 survivors (49152K)
 Metaspace       used 127174K, committed 128512K, reserved 1179648K
  class space    used 20107K, committed 20672K, reserved 1048576K
}
Event: 11.504 GC heap before
{Heap before GC invocations=29 (full 0):
 garbage-first heap   total reserved 30932992K, committed 737280K, used 606120K [0x00000000a0000000, 0x0000000800000000)
  region size 16384K, 17 young (278528K), 3 survivors (49152K)
 Metaspace       used 127738K, committed 129216K, reserved 1179648K
  class space    used 20179K, committed 20800K, reserved 1048576K
}
Event: 11.509 GC heap after
{Heap after GC invocations=30 (full 0):
 garbage-first heap   total reserved 30932992K, committed 1015808K, used 406260K [0x00000000a0000000, 0x0000000800000000)
  region size 16384K, 3 young (49152K), 3 survivors (49152K)
 Metaspace       used 127738K, committed 129216K, reserved 1179648K
  class space    used 20179K, committed 20800K, reserved 1048576K
}
Event: 11.764 GC heap before
{Heap before GC invocations=31 (full 0):
 garbage-first heap   total reserved 30932992K, committed 1015808K, used 832244K [0x00000000a0000000, 0x0000000800000000)
  region size 16384K, 30 young (491520K), 3 survivors (49152K)
 Metaspace       used 128975K, committed 130432K, reserved 1179648K
  class space    used 20385K, committed 20992K, reserved 1048576K
}
Event: 11.770 GC heap after
{Heap after GC invocations=32 (full 0):
 garbage-first heap   total reserved 30932992K, committed 1015808K, used 437683K [0x00000000a0000000, 0x0000000800000000)
  region size 16384K, 4 young (65536K), 4 survivors (65536K)
 Metaspace       used 128975K, committed 130432K, reserved 1179648K
  class space    used 20385K, committed 20992K, reserved 1048576K
}
Event: 12.709 GC heap before
{Heap before GC invocations=32 (full 0):
 garbage-first heap   total reserved 30932992K, committed 1015808K, used 863667K [0x00000000a0000000, 0x0000000800000000)
  region size 16384K, 31 young (507904K), 4 survivors (65536K)
 Metaspace       used 129693K, committed 131200K, reserved 1179648K
  class space    used 20425K, committed 21056K, reserved 1048576K
}
Event: 12.716 GC heap after
{Heap after GC invocations=33 (full 0):
 garbage-first heap   total reserved 30932992K, committed 1015808K, used 442989K [0x00000000a0000000, 0x0000000800000000)
  region size 16384K, 1 young (16384K), 1 survivors (16384K)
 Metaspace       used 129693K, committed 131200K, reserved 1179648K
  class space    used 20425K, committed 21056K, reserved 1048576K
}
Event: 18.277 GC heap before
{Heap before GC invocations=33 (full 0):
 garbage-first heap   total reserved 30932992K, committed 1015808K, used 885357K [0x00000000a0000000, 0x0000000800000000)
  region size 16384K, 28 young (458752K), 1 survivors (16384K)
 Metaspace       used 131464K, committed 132928K, reserved 1179648K
  class space    used 20557K, committed 21184K, reserved 1048576K
}
Event: 18.279 GC heap after
{Heap after GC invocations=34 (full 0):
 garbage-first heap   total reserved 30932992K, committed 1015808K, used 438799K [0x00000000a0000000, 0x0000000800000000)
  region size 16384K, 1 young (16384K), 1 survivors (16384K)
 Metaspace       used 131464K, committed 132928K, reserved 1179648K
  class space    used 20557K, committed 21184K, reserved 1048576K
}

