# JRE version: OpenJDK Runtime Environment (23.0.1) (build 23.0.1)
# Java VM: OpenJDK 64-Bit Server VM (23.0.1, mixed mode, sharing, tiered, compressed oops, compressed class ptrs, g1 gc, linux-amd64)
GC Precious Log:
 CardTable entry size: 512
 Card Set container configuration: InlinePtr #cards 3 size 8 Array Of Cards #cards 128 size 272 Howl #buckets 8 coarsen threshold 29491 Howl Bitmap #cards 4096 size 528 coarsen threshold 3686 Card regions per heap region 1 cards per card region 32768
 CPUs: 32 total, 32 available
 Memory: 125G
 Large Page Support: Disabled
 NUMA Support: Disabled
 Compressed Oops: Enabled (Zero based)
 Heap Region Size: 16M
 Heap Min Capacity: 16M
 Heap Initial Capacity: 2016M
 Heap Max Capacity: 30208M
 Pre-touch: Disabled
 Parallel Workers: 23
 Concurrent Workers: 6
 Concurrent Refinement Workers: 23
 Periodic GC: Disabled
Heap:
 garbage-first heap   total reserved 30932992K, committed 983040K, used 648779K [0x00000000a0000000, 0x0000000800000000)
  region size 16384K, 16 young (262144K), 1 survivors (16384K)
 Metaspace       used 132399K, committed 133824K, reserved 1179648K
  class space    used 20536K, committed 21120K, reserved 1048576K
GC Heap History (20 events):
Event: 10.576 GC heap before
{Heap before GC invocations=24 (full 0):
 garbage-first heap   total reserved 30932992K, committed 737280K, used 616679K [0x00000000a0000000, 0x0000000800000000)
  region size 16384K, 23 young (376832K), 1 survivors (16384K)
 Metaspace       used 121473K, committed 122752K, reserved 1179648K
  class space    used 19294K, committed 19840K, reserved 1048576K
}
Event: 10.581 GC heap after
{Heap after GC invocations=25 (full 0):
 garbage-first heap   total reserved 30932992K, committed 737280K, used 293767K [0x00000000a0000000, 0x0000000800000000)
  region size 16384K, 3 young (49152K), 3 survivors (49152K)
 Metaspace       used 121473K, committed 122752K, reserved 1179648K
  class space    used 19294K, committed 19840K, reserved 1048576K
}
Event: 10.886 GC heap before
{Heap before GC invocations=25 (full 0):
 garbage-first heap   total reserved 30932992K, committed 737280K, used 605063K [0x00000000a0000000, 0x0000000800000000)
  region size 16384K, 23 young (376832K), 3 survivors (49152K)
 Metaspace       used 125947K, committed 127296K, reserved 1179648K
  class space    used 19960K, committed 20544K, reserved 1048576K
}
Event: 10.896 GC heap after
{Heap after GC invocations=26 (full 0):
 garbage-first heap   total reserved 30932992K, committed 737280K, used 344956K [0x00000000a0000000, 0x0000000800000000)
  region size 16384K, 3 young (49152K), 3 survivors (49152K)
 Metaspace       used 125947K, committed 127296K, reserved 1179648K
  class space    used 19960K, committed 20544K, reserved 1048576K
}
Event: 11.092 GC heap before
{Heap before GC invocations=26 (full 0):
 garbage-first heap   total reserved 30932992K, committed 737280K, used 607100K [0x00000000a0000000, 0x0000000800000000)
  region size 16384K, 20 young (327680K), 3 survivors (49152K)
 Metaspace       used 126723K, committed 128128K, reserved 1179648K
  class space    used 20007K, committed 20608K, reserved 1048576K
}
Event: 11.098 GC heap after
{Heap after GC invocations=27 (full 0):
 garbage-first heap   total reserved 30932992K, committed 737280K, used 371683K [0x00000000a0000000, 0x0000000800000000)
  region size 16384K, 2 young (32768K), 2 survivors (32768K)
 Metaspace       used 126723K, committed 128128K, reserved 1179648K
  class space    used 20007K, committed 20608K, reserved 1048576K
}
Event: 11.305 GC heap before
{Heap before GC invocations=28 (full 0):
 garbage-first heap   total reserved 30932992K, committed 737280K, used 633827K [0x00000000a0000000, 0x0000000800000000)
  region size 16384K, 19 young (311296K), 2 survivors (32768K)
 Metaspace       used 127879K, committed 129280K, reserved 1179648K
  class space    used 20216K, committed 20800K, reserved 1048576K
}
Event: 11.309 GC heap after
{Heap after GC invocations=29 (full 0):
 garbage-first heap   total reserved 30932992K, committed 737280K, used 406565K [0x00000000a0000000, 0x0000000800000000)
  region size 16384K, 3 young (49152K), 3 survivors (49152K)
 Metaspace       used 127879K, committed 129280K, reserved 1179648K
  class space    used 20216K, committed 20800K, reserved 1048576K
}
Event: 11.448 GC heap before
{Heap before GC invocations=29 (full 0):
 garbage-first heap   total reserved 30932992K, committed 737280K, used 619557K [0x00000000a0000000, 0x0000000800000000)
  region size 16384K, 17 young (278528K), 3 survivors (49152K)
 Metaspace       used 128053K, committed 129472K, reserved 1179648K
  class space    used 20221K, committed 20800K, reserved 1048576K
}
Event: 11.455 GC heap after
{Heap after GC invocations=30 (full 0):
 garbage-first heap   total reserved 30932992K, committed 983040K, used 402376K [0x00000000a0000000, 0x0000000800000000)
  region size 16384K, 3 young (49152K), 3 survivors (49152K)
 Metaspace       used 128053K, committed 129472K, reserved 1179648K
  class space    used 20221K, committed 20800K, reserved 1048576K
}
Event: 11.704 GC heap before
{Heap before GC invocations=30 (full 0):
 garbage-first heap   total reserved 30932992K, committed 983040K, used 828360K [0x00000000a0000000, 0x0000000800000000)
  region size 16384K, 30 young (491520K), 3 survivors (49152K)
 Metaspace       used 128390K, committed 129856K, reserved 1179648K
  class space    used 20248K, committed 20864K, reserved 1048576K
}
Event: 11.709 GC heap after
{Heap after GC invocations=31 (full 0):
 garbage-first heap   total reserved 30932992K, committed 983040K, used 431503K [0x00000000a0000000, 0x0000000800000000)
  region size 16384K, 3 young (49152K), 3 survivors (49152K)
 Metaspace       used 128390K, committed 129856K, reserved 1179648K
  class space    used 20248K, committed 20864K, reserved 1048576K
}
Event: 12.684 GC heap before
{Heap before GC invocations=31 (full 0):
 garbage-first heap   total reserved 30932992K, committed 983040K, used 873871K [0x00000000a0000000, 0x0000000800000000)
  region size 16384K, 30 young (491520K), 3 survivors (49152K)
 Metaspace       used 129763K, committed 131200K, reserved 1179648K
  class space    used 20374K, committed 20992K, reserved 1048576K
}
Event: 12.689 GC heap after
{Heap after GC invocations=32 (full 0):
 garbage-first heap   total reserved 30932992K, committed 983040K, used 441547K [0x00000000a0000000, 0x0000000800000000)
  region size 16384K, 3 young (49152K), 3 survivors (49152K)
 Metaspace       used 129763K, committed 131200K, reserved 1179648K
  class space    used 20374K, committed 20992K, reserved 1048576K
}
Event: 18.651 GC heap before
{Heap before GC invocations=32 (full 0):
 garbage-first heap   total reserved 30932992K, committed 983040K, used 851147K [0x00000000a0000000, 0x0000000800000000)
  region size 16384K, 29 young (475136K), 3 survivors (49152K)
 Metaspace       used 131111K, committed 132608K, reserved 1179648K
  class space    used 20421K, committed 21056K, reserved 1048576K
}
Event: 18.654 GC heap after
{Heap after GC invocations=33 (full 0):
 garbage-first heap   total reserved 30932992K, committed 983040K, used 441887K [0x00000000a0000000, 0x0000000800000000)
  region size 16384K, 1 young (16384K), 1 survivors (16384K)
 Metaspace       used 131111K, committed 132608K, reserved 1179648K
  class space    used 20421K, committed 21056K, reserved 1048576K
}
Event: 25.481 GC heap before
{Heap before GC invocations=34 (full 0):
 garbage-first heap   total reserved 30932992K, committed 983040K, used 867871K [0x00000000a0000000, 0x0000000800000000)
  region size 16384K, 28 young (458752K), 1 survivors (16384K)
 Metaspace       used 131575K, committed 133056K, reserved 1179648K
  class space    used 20424K, committed 21056K, reserved 1048576K
}
Event: 25.483 GC heap after
{Heap after GC invocations=35 (full 0):
 garbage-first heap   total reserved 30932992K, committed 983040K, used 440263K [0x00000000a0000000, 0x0000000800000000)
  region size 16384K, 1 young (16384K), 1 survivors (16384K)
 Metaspace       used 131575K, committed 133056K, reserved 1179648K
  class space    used 20424K, committed 21056K, reserved 1048576K
}
Event: 32.979 GC heap before
{Heap before GC invocations=35 (full 0):
 garbage-first heap   total reserved 30932992K, committed 983040K, used 882631K [0x00000000a0000000, 0x0000000800000000)
  region size 16384K, 29 young (475136K), 1 survivors (16384K)
 Metaspace       used 131703K, committed 133184K, reserved 1179648K
  class space    used 20424K, committed 21056K, reserved 1048576K
}
Event: 32.983 GC heap after
{Heap after GC invocations=36 (full 0):
 garbage-first heap   total reserved 30932992K, committed 983040K, used 435787K [0x00000000a0000000, 0x0000000800000000)
  region size 16384K, 1 young (16384K), 1 survivors (16384K)
 Metaspace       used 131703K, committed 133184K, reserved 1179648K
  class space    used 20424K, committed 21056K, reserved 1048576K
}

