# JRE version: OpenJDK Runtime Environment (21.0.5+11) (build 21.0.5+11)
# Java VM: OpenJDK 64-Bit Server VM (21.0.5+11, mixed mode, sharing, tiered, compressed oops, compressed class ptrs, g1 gc, linux-amd64)
GC Precious Log:
 CardTable entry size: 512
 Card Set container configuration: InlinePtr #cards 3 size 8 Array Of Cards #cards 128 size 272 Howl #buckets 8 coarsen threshold 29491 Howl Bitmap #cards 4096 size 528 coarsen threshold 3686 Card regions per heap region 1 cards per card region 32768
 CPUs: 32 total, 32 available
 Memory: 125G
 Large Page Support: Disabled
 NUMA Support: Disabled
 Compressed Oops: Enabled (Zero based)
 Heap Region Size: 16M
 Heap Min Capacity: 16M
 Heap Initial Capacity: 2016M
 Heap Max Capacity: 30208M
 Pre-touch: Disabled
 Parallel Workers: 23
 Concurrent Workers: 6
 Concurrent Refinement Workers: 23
 Periodic GC: Disabled
Heap:
 garbage-first heap   total 1097728K, used 610935K [0x00000000a0000000, 0x0000000800000000)
  region size 16384K, 15 young (245760K), 2 survivors (32768K)
 Metaspace       used 132606K, committed 134272K, reserved 1179648K
  class space    used 19681K, committed 20416K, reserved 1048576K
GC Heap History (20 events):
Event: 8.870 GC heap before
{Heap before GC invocations=22 (full 0):
 garbage-first heap   total 737280K, used 600326K [0x00000000a0000000, 0x0000000800000000)
  region size 16384K, 25 young (409600K), 4 survivors (65536K)
 Metaspace       used 106216K, committed 107456K, reserved 1179648K
  class space    used 16086K, committed 16640K, reserved 1048576K
}
Event: 8.876 GC heap after
{Heap after GC invocations=23 (full 0):
 garbage-first heap   total 737280K, used 269096K [0x00000000a0000000, 0x0000000800000000)
  region size 16384K, 1 young (16384K), 1 survivors (16384K)
 Metaspace       used 106216K, committed 107456K, reserved 1179648K
  class space    used 16086K, committed 16640K, reserved 1048576K
}
Event: 9.659 GC heap before
{Heap before GC invocations=24 (full 0):
 garbage-first heap   total 737280K, used 645928K [0x00000000a0000000, 0x0000000800000000)
  region size 16384K, 25 young (409600K), 1 survivors (16384K)
 Metaspace       used 116309K, committed 117632K, reserved 1179648K
  class space    used 17454K, committed 18048K, reserved 1048576K
}
Event: 9.663 GC heap after
{Heap after GC invocations=25 (full 0):
 garbage-first heap   total 737280K, used 279253K [0x00000000a0000000, 0x0000000800000000)
  region size 16384K, 2 young (32768K), 2 survivors (32768K)
 Metaspace       used 116309K, committed 117632K, reserved 1179648K
  class space    used 17454K, committed 18048K, reserved 1048576K
}
Event: 10.085 GC heap before
{Heap before GC invocations=25 (full 0):
 garbage-first heap   total 737280K, used 623317K [0x00000000a0000000, 0x0000000800000000)
  region size 16384K, 24 young (393216K), 2 survivors (32768K)
 Metaspace       used 126282K, committed 127744K, reserved 1179648K
  class space    used 19087K, committed 19776K, reserved 1048576K
}
Event: 10.092 GC heap after
{Heap after GC invocations=26 (full 0):
 garbage-first heap   total 737280K, used 321314K [0x00000000a0000000, 0x0000000800000000)
  region size 16384K, 3 young (49152K), 3 survivors (49152K)
 Metaspace       used 126282K, committed 127744K, reserved 1179648K
  class space    used 19087K, committed 19776K, reserved 1048576K
}
Event: 10.344 GC heap before
{Heap before GC invocations=27 (full 0):
 garbage-first heap   total 737280K, used 632610K [0x00000000a0000000, 0x0000000800000000)
  region size 16384K, 22 young (360448K), 3 survivors (49152K)
 Metaspace       used 128081K, committed 129664K, reserved 1179648K
  class space    used 19236K, committed 19968K, reserved 1048576K
}
Event: 10.351 GC heap after
{Heap after GC invocations=28 (full 0):
 garbage-first heap   total 737280K, used 364146K [0x00000000a0000000, 0x0000000800000000)
  region size 16384K, 3 young (49152K), 3 survivors (49152K)
 Metaspace       used 128081K, committed 129664K, reserved 1179648K
  class space    used 19236K, committed 19968K, reserved 1048576K
}
Event: 10.481 GC heap before
{Heap before GC invocations=28 (full 0):
 garbage-first heap   total 737280K, used 609906K [0x00000000a0000000, 0x0000000800000000)
  region size 16384K, 19 young (311296K), 3 survivors (49152K)
 Metaspace       used 128534K, committed 130048K, reserved 1179648K
  class space    used 19285K, committed 19968K, reserved 1048576K
}
Event: 10.486 GC heap after
{Heap after GC invocations=29 (full 0):
 garbage-first heap   total 737280K, used 378816K [0x00000000a0000000, 0x0000000800000000)
  region size 16384K, 2 young (32768K), 2 survivors (32768K)
 Metaspace       used 128534K, committed 130048K, reserved 1179648K
  class space    used 19285K, committed 19968K, reserved 1048576K
}
Event: 10.593 GC heap before
{Heap before GC invocations=29 (full 0):
 garbage-first heap   total 737280K, used 624576K [0x00000000a0000000, 0x0000000800000000)
  region size 16384K, 18 young (294912K), 2 survivors (32768K)
 Metaspace       used 128851K, committed 130432K, reserved 1179648K
  class space    used 19320K, committed 20032K, reserved 1048576K
}
Event: 10.597 GC heap after
{Heap after GC invocations=30 (full 0):
 garbage-first heap   total 737280K, used 393451K [0x00000000a0000000, 0x0000000800000000)
  region size 16384K, 3 young (49152K), 3 survivors (49152K)
 Metaspace       used 128851K, committed 130432K, reserved 1179648K
  class space    used 19320K, committed 20032K, reserved 1048576K
}
Event: 10.738 GC heap before
{Heap before GC invocations=31 (full 0):
 garbage-first heap   total 737280K, used 606443K [0x00000000a0000000, 0x0000000800000000)
  region size 16384K, 17 young (278528K), 3 survivors (49152K)
 Metaspace       used 129746K, committed 131328K, reserved 1179648K
  class space    used 19428K, committed 20160K, reserved 1048576K
}
Event: 10.743 GC heap after
{Heap after GC invocations=32 (full 0):
 garbage-first heap   total 737280K, used 411497K [0x00000000a0000000, 0x0000000800000000)
  region size 16384K, 3 young (49152K), 3 survivors (49152K)
 Metaspace       used 129746K, committed 131328K, reserved 1179648K
  class space    used 19428K, committed 20160K, reserved 1048576K
}
Event: 10.864 GC heap before
{Heap before GC invocations=32 (full 0):
 garbage-first heap   total 737280K, used 608105K [0x00000000a0000000, 0x0000000800000000)
  region size 16384K, 17 young (278528K), 3 survivors (49152K)
 Metaspace       used 130333K, committed 131968K, reserved 1179648K
  class space    used 19516K, committed 20288K, reserved 1048576K
}
Event: 10.871 GC heap after
{Heap after GC invocations=33 (full 0):
 garbage-first heap   total 737280K, used 421813K [0x00000000a0000000, 0x0000000800000000)
  region size 16384K, 2 young (32768K), 2 survivors (32768K)
 Metaspace       used 130333K, committed 131968K, reserved 1179648K
  class space    used 19516K, committed 20288K, reserved 1048576K
}
Event: 11.042 GC heap before
{Heap before GC invocations=33 (full 0):
 garbage-first heap   total 737280K, used 618421K [0x00000000a0000000, 0x0000000800000000)
  region size 16384K, 15 young (245760K), 2 survivors (32768K)
 Metaspace       used 130482K, committed 132160K, reserved 1179648K
  class space    used 19526K, committed 20288K, reserved 1048576K
}
Event: 11.045 GC heap after
{Heap after GC invocations=34 (full 0):
 garbage-first heap   total 1097728K, used 431126K [0x00000000a0000000, 0x0000000800000000)
  region size 16384K, 2 young (32768K), 2 survivors (32768K)
 Metaspace       used 130482K, committed 132160K, reserved 1179648K
  class space    used 19526K, committed 20288K, reserved 1048576K
}
Event: 13.961 GC heap before
{Heap before GC invocations=35 (full 0):
 garbage-first heap   total 1097728K, used 939030K [0x00000000a0000000, 0x0000000800000000)
  region size 16384K, 34 young (557056K), 2 survivors (32768K)
 Metaspace       used 131786K, committed 133376K, reserved 1179648K
  class space    used 19576K, committed 20288K, reserved 1048576K
}
Event: 13.964 GC heap after
{Heap after GC invocations=36 (full 0):
 garbage-first heap   total 1097728K, used 430711K [0x00000000a0000000, 0x0000000800000000)
  region size 16384K, 2 young (32768K), 2 survivors (32768K)
 Metaspace       used 131786K, committed 133376K, reserved 1179648K
  class space    used 19576K, committed 20288K, reserved 1048576K
}

