# JRE version: OpenJDK Runtime Environment (21.0.5+11) (build 21.0.5+11)
# Java VM: OpenJDK 64-Bit Server VM (21.0.5+11, mixed mode, sharing, tiered, compressed oops, compressed class ptrs, g1 gc, linux-amd64)
GC Precious Log:
 CardTable entry size: 512
 Card Set container configuration: InlinePtr #cards 3 size 8 Array Of Cards #cards 128 size 272 Howl #buckets 8 coarsen threshold 29491 Howl Bitmap #cards 4096 size 528 coarsen threshold 3686 Card regions per heap region 1 cards per card region 32768
 CPUs: 32 total, 32 available
 Memory: 125G
 Large Page Support: Disabled
 NUMA Support: Disabled
 Compressed Oops: Enabled (Zero based)
 Heap Region Size: 16M
 Heap Min Capacity: 16M
 Heap Initial Capacity: 2016M
 Heap Max Capacity: 30208M
 Pre-touch: Disabled
 Parallel Workers: 23
 Concurrent Workers: 6
 Concurrent Refinement Workers: 23
 Periodic GC: Disabled
Heap:
 garbage-first heap   total 1130496K, used 535240K [0x00000000a0000000, 0x0000000800000000)
  region size 16384K, 9 young (147456K), 2 survivors (32768K)
 Metaspace       used 132711K, committed 134400K, reserved 1179648K
  class space    used 19646K, committed 20416K, reserved 1048576K
GC Heap History (20 events):
Event: 3.379 GC heap before
{Heap before GC invocations=16 (full 0):
 garbage-first heap   total 491520K, used 414685K [0x00000000a0000000, 0x0000000800000000)
  region size 16384K, 17 young (278528K), 2 survivors (32768K)
 Metaspace       used 71383K, committed 72448K, reserved 1114112K
  class space    used 11161K, committed 11648K, reserved 1048576K
}
Event: 3.385 GC heap after
{Heap after GC invocations=17 (full 0):
 garbage-first heap   total 491520K, used 176423K [0x00000000a0000000, 0x0000000800000000)
  region size 16384K, 2 young (32768K), 2 survivors (32768K)
 Metaspace       used 71383K, committed 72448K, reserved 1114112K
  class space    used 11161K, committed 11648K, reserved 1048576K
}
Event: 3.952 GC heap before
{Heap before GC invocations=17 (full 0):
 garbage-first heap   total 491520K, used 405799K [0x00000000a0000000, 0x0000000800000000)
  region size 16384K, 16 young (262144K), 2 survivors (32768K)
 Metaspace       used 82963K, committed 84032K, reserved 1179648K
  class space    used 12622K, committed 13120K, reserved 1048576K
}
Event: 3.960 GC heap after
{Heap after GC invocations=18 (full 0):
 garbage-first heap   total 1277952K, used 186893K [0x00000000a0000000, 0x0000000800000000)
  region size 16384K, 2 young (32768K), 2 survivors (32768K)
 Metaspace       used 82963K, committed 84032K, reserved 1179648K
  class space    used 12622K, committed 13120K, reserved 1048576K
}
Event: 4.491 GC heap before
{Heap before GC invocations=18 (full 0):
 garbage-first heap   total 1277952K, used 907789K [0x00000000a0000000, 0x0000000800000000)
  region size 16384K, 46 young (753664K), 2 survivors (32768K)
 Metaspace       used 93582K, committed 94784K, reserved 1179648K
  class space    used 14076K, committed 14592K, reserved 1048576K
}
Event: 4.509 GC heap after
{Heap after GC invocations=19 (full 0):
 garbage-first heap   total 1277952K, used 221733K [0x00000000a0000000, 0x0000000800000000)
  region size 16384K, 4 young (65536K), 4 survivors (65536K)
 Metaspace       used 93582K, committed 94784K, reserved 1179648K
  class space    used 14076K, committed 14592K, reserved 1048576K
}
Event: 8.914 GC heap before
{Heap before GC invocations=19 (full 0):
 garbage-first heap   total 1277952K, used 860709K [0x00000000a0000000, 0x0000000800000000)
  region size 16384K, 45 young (737280K), 4 survivors (65536K)
 Metaspace       used 102075K, committed 103360K, reserved 1179648K
  class space    used 15319K, committed 15936K, reserved 1048576K
}
Event: 8.927 GC heap after
{Heap after GC invocations=20 (full 0):
 garbage-first heap   total 1277952K, used 262918K [0x00000000a0000000, 0x0000000800000000)
  region size 16384K, 6 young (98304K), 6 survivors (98304K)
 Metaspace       used 102075K, committed 103360K, reserved 1179648K
  class space    used 15319K, committed 15936K, reserved 1048576K
}
Event: 9.697 GC heap before
{Heap before GC invocations=21 (full 0):
 garbage-first heap   total 933888K, used 721670K [0x00000000a0000000, 0x0000000800000000)
  region size 16384K, 34 young (557056K), 6 survivors (98304K)
 Metaspace       used 111871K, committed 113216K, reserved 1179648K
  class space    used 16867K, committed 17472K, reserved 1048576K
}
Event: 9.706 GC heap after
{Heap after GC invocations=22 (full 0):
 garbage-first heap   total 933888K, used 285029K [0x00000000a0000000, 0x0000000800000000)
  region size 16384K, 2 young (32768K), 2 survivors (32768K)
 Metaspace       used 111871K, committed 113216K, reserved 1179648K
  class space    used 16867K, committed 17472K, reserved 1048576K
}
Event: 10.460 GC heap before
{Heap before GC invocations=22 (full 0):
 garbage-first heap   total 933888K, used 792933K [0x00000000a0000000, 0x0000000800000000)
  region size 16384K, 34 young (557056K), 2 survivors (32768K)
 Metaspace       used 127319K, committed 128832K, reserved 1179648K
  class space    used 19155K, committed 19840K, reserved 1048576K
}
Event: 10.470 GC heap after
{Heap after GC invocations=23 (full 0):
 garbage-first heap   total 933888K, used 346631K [0x00000000a0000000, 0x0000000800000000)
  region size 16384K, 5 young (81920K), 5 survivors (81920K)
 Metaspace       used 127319K, committed 128832K, reserved 1179648K
  class space    used 19155K, committed 19840K, reserved 1048576K
}
Event: 10.747 GC heap before
{Heap before GC invocations=23 (full 0):
 garbage-first heap   total 933888K, used 756231K [0x00000000a0000000, 0x0000000800000000)
  region size 16384K, 31 young (507904K), 5 survivors (81920K)
 Metaspace       used 128513K, committed 130048K, reserved 1179648K
  class space    used 19258K, committed 19968K, reserved 1048576K
}
Event: 10.756 GC heap after
{Heap after GC invocations=24 (full 0):
 garbage-first heap   total 1130496K, used 380376K [0x00000000a0000000, 0x0000000800000000)
  region size 16384K, 3 young (49152K), 3 survivors (49152K)
 Metaspace       used 128513K, committed 130048K, reserved 1179648K
  class space    used 19258K, committed 19968K, reserved 1048576K
}
Event: 11.121 GC heap before
{Heap before GC invocations=25 (full 0):
 garbage-first heap   total 1130496K, used 953816K [0x00000000a0000000, 0x0000000800000000)
  region size 16384K, 39 young (638976K), 3 survivors (49152K)
 Metaspace       used 129260K, committed 130880K, reserved 1179648K
  class space    used 19350K, committed 20096K, reserved 1048576K
}
Event: 11.127 GC heap after
{Heap after GC invocations=26 (full 0):
 garbage-first heap   total 1130496K, used 414073K [0x00000000a0000000, 0x0000000800000000)
  region size 16384K, 5 young (81920K), 5 survivors (81920K)
 Metaspace       used 129260K, committed 130880K, reserved 1179648K
  class space    used 19350K, committed 20096K, reserved 1048576K
}
Event: 11.706 GC heap before
{Heap before GC invocations=26 (full 0):
 garbage-first heap   total 1130496K, used 954745K [0x00000000a0000000, 0x0000000800000000)
  region size 16384K, 39 young (638976K), 5 survivors (81920K)
 Metaspace       used 130638K, committed 132288K, reserved 1179648K
  class space    used 19511K, committed 20288K, reserved 1048576K
}
Event: 11.713 GC heap after
{Heap after GC invocations=27 (full 0):
 garbage-first heap   total 1130496K, used 432522K [0x00000000a0000000, 0x0000000800000000)
  region size 16384K, 5 young (81920K), 5 survivors (81920K)
 Metaspace       used 130638K, committed 132288K, reserved 1179648K
  class space    used 19511K, committed 20288K, reserved 1048576K
}
Event: 16.235 GC heap before
{Heap before GC invocations=27 (full 0):
 garbage-first heap   total 1130496K, used 940426K [0x00000000a0000000, 0x0000000800000000)
  region size 16384K, 37 young (606208K), 5 survivors (81920K)
 Metaspace       used 132315K, committed 134016K, reserved 1179648K
  class space    used 19578K, committed 20352K, reserved 1048576K
}
Event: 16.240 GC heap after
{Heap after GC invocations=28 (full 0):
 garbage-first heap   total 1130496K, used 436936K [0x00000000a0000000, 0x0000000800000000)
  region size 16384K, 2 young (32768K), 2 survivors (32768K)
 Metaspace       used 132315K, committed 134016K, reserved 1179648K
  class space    used 19578K, committed 20352K, reserved 1048576K
}

