# JRE version: OpenJDK Runtime Environment (23.0.1) (build 23.0.1)
# Java VM: OpenJDK 64-Bit Server VM (23.0.1, mixed mode, sharing, tiered, compressed oops, compressed class ptrs, g1 gc, linux-amd64)
GC Precious Log:
 CardTable entry size: 512
 Card Set container configuration: InlinePtr #cards 3 size 8 Array Of Cards #cards 128 size 272 Howl #buckets 8 coarsen threshold 29491 Howl Bitmap #cards 4096 size 528 coarsen threshold 3686 Card regions per heap region 1 cards per card region 32768
 CPUs: 32 total, 32 available
 Memory: 125G
 Large Page Support: Disabled
 NUMA Support: Disabled
 Compressed Oops: Enabled (Zero based)
 Heap Region Size: 16M
 Heap Min Capacity: 16M
 Heap Initial Capacity: 2016M
 Heap Max Capacity: 30208M
 Pre-touch: Disabled
 Parallel Workers: 23
 Concurrent Workers: 6
 Concurrent Refinement Workers: 23
 Periodic GC: Disabled
Heap:
 garbage-first heap   total reserved 30932992K, committed 737280K, used 458285K [0x00000000a0000000, 0x0000000800000000)
  region size 16384K, 18 young (294912K), 3 survivors (49152K)
 Metaspace       used 97682K, committed 98816K, reserved 1179648K
  class space    used 15372K, committed 15872K, reserved 1048576K
GC Heap History (20 events):
Event: 1.692 GC heap before
{Heap before GC invocations=8 (full 0):
 garbage-first heap   total reserved 30932992K, committed 393216K, used 276632K [0x00000000a0000000, 0x0000000800000000)
  region size 16384K, 11 young (180224K), 2 survivors (32768K)
 Metaspace       used 34259K, committed 34944K, reserved 1114112K
  class space    used 4262K, committed 4544K, reserved 1048576K
}
Event: 1.697 GC heap after
{Heap after GC invocations=9 (full 0):
 garbage-first heap   total reserved 30932992K, committed 393216K, used 130490K [0x00000000a0000000, 0x0000000800000000)
  region size 16384K, 1 young (16384K), 1 survivors (16384K)
 Metaspace       used 34259K, committed 34944K, reserved 1114112K
  class space    used 4262K, committed 4544K, reserved 1048576K
}
Event: 1.791 GC heap before
{Heap before GC invocations=9 (full 0):
 garbage-first heap   total reserved 30932992K, committed 393216K, used 179642K [0x00000000a0000000, 0x0000000800000000)
  region size 16384K, 5 young (81920K), 1 survivors (16384K)
 Metaspace       used 36034K, committed 36608K, reserved 1114112K
  class space    used 4471K, committed 4736K, reserved 1048576K
}
Event: 1.793 GC heap after
{Heap after GC invocations=10 (full 0):
 garbage-first heap   total reserved 30932992K, committed 393216K, used 131186K [0x00000000a0000000, 0x0000000800000000)
  region size 16384K, 1 young (16384K), 1 survivors (16384K)
 Metaspace       used 36034K, committed 36608K, reserved 1114112K
  class space    used 4471K, committed 4736K, reserved 1048576K
}
Event: 2.031 GC heap before
{Heap before GC invocations=11 (full 0):
 garbage-first heap   total reserved 30932992K, committed 393216K, used 295026K [0x00000000a0000000, 0x0000000800000000)
  region size 16384K, 11 young (180224K), 1 survivors (16384K)
 Metaspace       used 40067K, committed 40768K, reserved 1114112K
  class space    used 5195K, committed 5504K, reserved 1048576K
}
Event: 2.036 GC heap after
{Heap after GC invocations=12 (full 0):
 garbage-first heap   total reserved 30932992K, committed 393216K, used 134962K [0x00000000a0000000, 0x0000000800000000)
  region size 16384K, 2 young (32768K), 2 survivors (32768K)
 Metaspace       used 40067K, committed 40768K, reserved 1114112K
  class space    used 5195K, committed 5504K, reserved 1048576K
}
Event: 2.225 GC heap before
{Heap before GC invocations=12 (full 0):
 garbage-first heap   total reserved 30932992K, committed 393216K, used 298802K [0x00000000a0000000, 0x0000000800000000)
  region size 16384K, 12 young (196608K), 2 survivors (32768K)
 Metaspace       used 43129K, committed 43840K, reserved 1114112K
  class space    used 5923K, committed 6208K, reserved 1048576K
}
Event: 2.234 GC heap after
{Heap after GC invocations=13 (full 0):
 garbage-first heap   total reserved 30932992K, committed 1228800K, used 140336K [0x00000000a0000000, 0x0000000800000000)
  region size 16384K, 2 young (32768K), 2 survivors (32768K)
 Metaspace       used 43129K, committed 43840K, reserved 1114112K
  class space    used 5923K, committed 6208K, reserved 1048576K
}
Event: 2.891 GC heap before
{Heap before GC invocations=13 (full 0):
 garbage-first heap   total reserved 30932992K, committed 1228800K, used 615472K [0x00000000a0000000, 0x0000000800000000)
  region size 16384K, 31 young (507904K), 2 survivors (32768K)
 Metaspace       used 56261K, committed 57024K, reserved 1114112K
  class space    used 8705K, committed 9024K, reserved 1048576K
}
Event: 2.902 GC heap after
{Heap after GC invocations=14 (full 0):
 garbage-first heap   total reserved 30932992K, committed 1228800K, used 156121K [0x00000000a0000000, 0x0000000800000000)
  region size 16384K, 3 young (49152K), 3 survivors (49152K)
 Metaspace       used 56261K, committed 57024K, reserved 1114112K
  class space    used 8705K, committed 9024K, reserved 1048576K
}
Event: 3.171 GC heap before
{Heap before GC invocations=14 (full 0):
 garbage-first heap   total reserved 30932992K, committed 1228800K, used 352729K [0x00000000a0000000, 0x0000000800000000)
  region size 16384K, 16 young (262144K), 3 survivors (49152K)
 Metaspace       used 60860K, committed 61568K, reserved 1114112K
  class space    used 9670K, committed 9984K, reserved 1048576K
}
Event: 3.176 GC heap after
{Heap after GC invocations=15 (full 0):
 garbage-first heap   total reserved 30932992K, committed 1228800K, used 162397K [0x00000000a0000000, 0x0000000800000000)
  region size 16384K, 3 young (49152K), 3 survivors (49152K)
 Metaspace       used 60860K, committed 61568K, reserved 1114112K
  class space    used 9670K, committed 9984K, reserved 1048576K
}
Event: 3.706 GC heap before
{Heap before GC invocations=16 (full 0):
 garbage-first heap   total reserved 30932992K, committed 606208K, used 473693K [0x00000000a0000000, 0x0000000800000000)
  region size 16384K, 22 young (360448K), 3 survivors (49152K)
 Metaspace       used 75360K, committed 76288K, reserved 1114112K
  class space    used 12265K, committed 12672K, reserved 1048576K
}
Event: 3.716 GC heap after
{Heap after GC invocations=17 (full 0):
 garbage-first heap   total reserved 30932992K, committed 606208K, used 180978K [0x00000000a0000000, 0x0000000800000000)
  region size 16384K, 3 young (49152K), 3 survivors (49152K)
 Metaspace       used 75360K, committed 76288K, reserved 1114112K
  class space    used 12265K, committed 12672K, reserved 1048576K
}
Event: 4.381 GC heap before
{Heap before GC invocations=17 (full 0):
 garbage-first heap   total reserved 30932992K, committed 606208K, used 475890K [0x00000000a0000000, 0x0000000800000000)
  region size 16384K, 21 young (344064K), 3 survivors (49152K)
 Metaspace       used 85488K, committed 86528K, reserved 1179648K
  class space    used 13506K, committed 13952K, reserved 1048576K
}
Event: 4.391 GC heap after
{Heap after GC invocations=18 (full 0):
 garbage-first heap   total reserved 30932992K, committed 606208K, used 185207K [0x00000000a0000000, 0x0000000800000000)
  region size 16384K, 2 young (32768K), 2 survivors (32768K)
 Metaspace       used 85488K, committed 86528K, reserved 1179648K
  class space    used 13506K, committed 13952K, reserved 1048576K
}
Event: 4.613 GC heap before
{Heap before GC invocations=18 (full 0):
 garbage-first heap   total reserved 30932992K, committed 606208K, used 496503K [0x00000000a0000000, 0x0000000800000000)
  region size 16384K, 21 young (344064K), 2 survivors (32768K)
 Metaspace       used 91674K, committed 92736K, reserved 1179648K
  class space    used 14527K, committed 14976K, reserved 1048576K
}
Event: 4.622 GC heap after
{Heap after GC invocations=19 (full 0):
 garbage-first heap   total reserved 30932992K, committed 737280K, used 202892K [0x00000000a0000000, 0x0000000800000000)
  region size 16384K, 3 young (49152K), 3 survivors (49152K)
 Metaspace       used 91674K, committed 92736K, reserved 1179648K
  class space    used 14527K, committed 14976K, reserved 1048576K
}
Event: 4.843 GC heap before
{Heap before GC invocations=19 (full 0):
 garbage-first heap   total reserved 30932992K, committed 737280K, used 563340K [0x00000000a0000000, 0x0000000800000000)
  region size 16384K, 26 young (425984K), 3 survivors (49152K)
 Metaspace       used 94330K, committed 95424K, reserved 1179648K
  class space    used 14855K, committed 15296K, reserved 1048576K
}
Event: 4.850 GC heap after
{Heap after GC invocations=20 (full 0):
 garbage-first heap   total reserved 30932992K, committed 737280K, used 228909K [0x00000000a0000000, 0x0000000800000000)
  region size 16384K, 3 young (49152K), 3 survivors (49152K)
 Metaspace       used 94330K, committed 95424K, reserved 1179648K
  class space    used 14855K, committed 15296K, reserved 1048576K
}

