# JRE version: OpenJDK Runtime Environment (21.0.5+11) (build 21.0.5+11)
# Java VM: OpenJDK 64-Bit Server VM (21.0.5+11, mixed mode, sharing, tiered, compressed oops, compressed class ptrs, g1 gc, linux-amd64)
GC Precious Log:
 CardTable entry size: 512
 Card Set container configuration: InlinePtr #cards 3 size 8 Array Of Cards #cards 128 size 272 Howl #buckets 8 coarsen threshold 29491 Howl Bitmap #cards 4096 size 528 coarsen threshold 3686 Card regions per heap region 1 cards per card region 32768
 CPUs: 32 total, 32 available
 Memory: 125G
 Large Page Support: Disabled
 NUMA Support: Disabled
 Compressed Oops: Enabled (Zero based)
 Heap Region Size: 16M
 Heap Min Capacity: 16M
 Heap Initial Capacity: 2016M
 Heap Max Capacity: 30208M
 Pre-touch: Disabled
 Parallel Workers: 23
 Concurrent Workers: 6
 Concurrent Refinement Workers: 23
 Periodic GC: Disabled
Heap:
 garbage-first heap   total 1032192K, used 904894K [0x00000000a0000000, 0x0000000800000000)
  region size 16384K, 32 young (524288K), 2 survivors (32768K)
 Metaspace       used 133670K, committed 135296K, reserved 1179648K
  class space    used 19782K, committed 20544K, reserved 1048576K
GC Heap History (20 events):
Event: 8.859 GC heap before
{Heap before GC invocations=20 (full 0):
 garbage-first heap   total 770048K, used 629692K [0x00000000a0000000, 0x0000000800000000)
  region size 16384K, 28 young (458752K), 3 survivors (49152K)
 Metaspace       used 100280K, committed 101568K, reserved 1179648K
  class space    used 15043K, committed 15616K, reserved 1048576K
}
Event: 8.867 GC heap after
{Heap after GC invocations=21 (full 0):
 garbage-first heap   total 770048K, used 260739K [0x00000000a0000000, 0x0000000800000000)
  region size 16384K, 4 young (65536K), 4 survivors (65536K)
 Metaspace       used 100280K, committed 101568K, reserved 1179648K
  class space    used 15043K, committed 15616K, reserved 1048576K
}
Event: 9.220 GC heap before
{Heap before GC invocations=21 (full 0):
 garbage-first heap   total 770048K, used 637571K [0x00000000a0000000, 0x0000000800000000)
  region size 16384K, 27 young (442368K), 4 survivors (65536K)
 Metaspace       used 106161K, committed 107456K, reserved 1179648K
  class space    used 16075K, committed 16640K, reserved 1048576K
}
Event: 9.228 GC heap after
{Heap after GC invocations=22 (full 0):
 garbage-first heap   total 770048K, used 271367K [0x00000000a0000000, 0x0000000800000000)
  region size 16384K, 1 young (16384K), 1 survivors (16384K)
 Metaspace       used 106161K, committed 107456K, reserved 1179648K
  class space    used 16075K, committed 16640K, reserved 1048576K
}
Event: 10.154 GC heap before
{Heap before GC invocations=22 (full 0):
 garbage-first heap   total 770048K, used 680967K [0x00000000a0000000, 0x0000000800000000)
  region size 16384K, 26 young (425984K), 1 survivors (16384K)
 Metaspace       used 119224K, committed 120576K, reserved 1179648K
  class space    used 17879K, committed 18496K, reserved 1048576K
}
Event: 10.158 GC heap after
{Heap after GC invocations=23 (full 0):
 garbage-first heap   total 770048K, used 293535K [0x00000000a0000000, 0x0000000800000000)
  region size 16384K, 3 young (49152K), 3 survivors (49152K)
 Metaspace       used 119224K, committed 120576K, reserved 1179648K
  class space    used 17879K, committed 18496K, reserved 1048576K
}
Event: 10.570 GC heap before
{Heap before GC invocations=24 (full 0):
 garbage-first heap   total 770048K, used 653983K [0x00000000a0000000, 0x0000000800000000)
  region size 16384K, 25 young (409600K), 3 survivors (49152K)
 Metaspace       used 127187K, committed 128704K, reserved 1179648K
  class space    used 19166K, committed 19840K, reserved 1048576K
}
Event: 10.578 GC heap after
{Heap after GC invocations=25 (full 0):
 garbage-first heap   total 770048K, used 330919K [0x00000000a0000000, 0x0000000800000000)
  region size 16384K, 4 young (65536K), 4 survivors (65536K)
 Metaspace       used 127187K, committed 128704K, reserved 1179648K
  class space    used 19166K, committed 19840K, reserved 1048576K
}
Event: 10.802 GC heap before
{Heap before GC invocations=25 (full 0):
 garbage-first heap   total 770048K, used 625831K [0x00000000a0000000, 0x0000000800000000)
  region size 16384K, 23 young (376832K), 4 survivors (65536K)
 Metaspace       used 128155K, committed 129728K, reserved 1179648K
  class space    used 19241K, committed 19968K, reserved 1048576K
}
Event: 10.818 GC heap after
{Heap after GC invocations=26 (full 0):
 garbage-first heap   total 770048K, used 359634K [0x00000000a0000000, 0x0000000800000000)
  region size 16384K, 2 young (32768K), 2 survivors (32768K)
 Metaspace       used 128155K, committed 129728K, reserved 1179648K
  class space    used 19241K, committed 19968K, reserved 1048576K
}
Event: 10.981 GC heap before
{Heap before GC invocations=26 (full 0):
 garbage-first heap   total 770048K, used 670930K [0x00000000a0000000, 0x0000000800000000)
  region size 16384K, 21 young (344064K), 2 survivors (32768K)
 Metaspace       used 128877K, committed 130432K, reserved 1179648K
  class space    used 19319K, committed 20032K, reserved 1048576K
}
Event: 10.986 GC heap after
{Heap after GC invocations=27 (full 0):
 garbage-first heap   total 770048K, used 384354K [0x00000000a0000000, 0x0000000800000000)
  region size 16384K, 2 young (32768K), 2 survivors (32768K)
 Metaspace       used 128877K, committed 130432K, reserved 1179648K
  class space    used 19319K, committed 20032K, reserved 1048576K
}
Event: 11.179 GC heap before
{Heap before GC invocations=28 (full 0):
 garbage-first heap   total 770048K, used 662882K [0x00000000a0000000, 0x0000000800000000)
  region size 16384K, 20 young (327680K), 2 survivors (32768K)
 Metaspace       used 129069K, committed 130624K, reserved 1179648K
  class space    used 19327K, committed 20032K, reserved 1048576K
}
Event: 11.183 GC heap after
{Heap after GC invocations=29 (full 0):
 garbage-first heap   total 770048K, used 404410K [0x00000000a0000000, 0x0000000800000000)
  region size 16384K, 3 young (49152K), 3 survivors (49152K)
 Metaspace       used 129069K, committed 130624K, reserved 1179648K
  class space    used 19327K, committed 20032K, reserved 1048576K
}
Event: 11.296 GC heap before
{Heap before GC invocations=29 (full 0):
 garbage-first heap   total 770048K, used 650170K [0x00000000a0000000, 0x0000000800000000)
  region size 16384K, 19 young (311296K), 3 survivors (49152K)
 Metaspace       used 129952K, committed 131584K, reserved 1179648K
  class space    used 19463K, committed 20224K, reserved 1048576K
}
Event: 11.302 GC heap after
{Heap after GC invocations=30 (full 0):
 garbage-first heap   total 1032192K, used 420630K [0x00000000a0000000, 0x0000000800000000)
  region size 16384K, 3 young (49152K), 3 survivors (49152K)
 Metaspace       used 129952K, committed 131584K, reserved 1179648K
  class space    used 19463K, committed 20224K, reserved 1048576K
}
Event: 12.279 GC heap before
{Heap before GC invocations=30 (full 0):
 garbage-first heap   total 1032192K, used 895766K [0x00000000a0000000, 0x0000000800000000)
  region size 16384K, 33 young (540672K), 3 survivors (49152K)
 Metaspace       used 130595K, committed 132224K, reserved 1179648K
  class space    used 19488K, committed 20224K, reserved 1048576K
}
Event: 12.284 GC heap after
{Heap after GC invocations=31 (full 0):
 garbage-first heap   total 1032192K, used 430942K [0x00000000a0000000, 0x0000000800000000)
  region size 16384K, 2 young (32768K), 2 survivors (32768K)
 Metaspace       used 130595K, committed 132224K, reserved 1179648K
  class space    used 19488K, committed 20224K, reserved 1048576K
}
Event: 17.153 GC heap before
{Heap before GC invocations=31 (full 0):
 garbage-first heap   total 1032192K, used 922462K [0x00000000a0000000, 0x0000000800000000)
  region size 16384K, 32 young (524288K), 2 survivors (32768K)
 Metaspace       used 132576K, committed 134272K, reserved 1179648K
  class space    used 19644K, committed 20416K, reserved 1048576K
}
Event: 17.156 GC heap after
{Heap after GC invocations=32 (full 0):
 garbage-first heap   total 1032192K, used 429758K [0x00000000a0000000, 0x0000000800000000)
  region size 16384K, 2 young (32768K), 2 survivors (32768K)
 Metaspace       used 132576K, committed 134272K, reserved 1179648K
  class space    used 19644K, committed 20416K, reserved 1048576K
}

