# JRE version: OpenJDK Runtime Environment (21.0.5+11) (build 21.0.5+11)
# Java VM: OpenJDK 64-Bit Server VM (21.0.5+11, mixed mode, sharing, tiered, compressed oops, compressed class ptrs, g1 gc, linux-amd64)
GC Precious Log:
 CardTable entry size: 512
 Card Set container configuration: InlinePtr #cards 3 size 8 Array Of Cards #cards 128 size 272 Howl #buckets 8 coarsen threshold 29491 Howl Bitmap #cards 4096 size 528 coarsen threshold 3686 Card regions per heap region 1 cards per card region 32768
 CPUs: 32 total, 32 available
 Memory: 125G
 Large Page Support: Disabled
 NUMA Support: Disabled
 Compressed Oops: Enabled (Zero based)
 Heap Region Size: 16M
 Heap Min Capacity: 16M
 Heap Initial Capacity: 2016M
 Heap Max Capacity: 30208M
 Pre-touch: Disabled
 Parallel Workers: 23
 Concurrent Workers: 6
 Concurrent Refinement Workers: 23
 Periodic GC: Disabled
Heap:
 garbage-first heap   total 1966080K, used 1646997K [0x00000000a0000000, 0x0000000800000000)
  region size 16384K, 72 young (1179648K), 5 survivors (81920K)
 Metaspace       used 135935K, committed 137600K, reserved 1179648K
  class space    used 19871K, committed 20608K, reserved 1048576K
GC Heap History (20 events):
Event: 26.354 GC heap before
{Heap before GC invocations=40 (full 0):
 garbage-first heap   total 1048576K, used 918247K [0x00000000a0000000, 0x0000000800000000)
  region size 16384K, 23 young (376832K), 2 survivors (32768K)
 Metaspace       used 133573K, committed 135168K, reserved 1179648K
  class space    used 19685K, committed 20416K, reserved 1048576K
}
Event: 26.360 GC heap after
{Heap after GC invocations=41 (full 0):
 garbage-first heap   total 1048576K, used 605905K [0x00000000a0000000, 0x0000000800000000)
  region size 16384K, 3 young (49152K), 3 survivors (49152K)
 Metaspace       used 133573K, committed 135168K, reserved 1179648K
  class space    used 19685K, committed 20416K, reserved 1048576K
}
Event: 26.552 GC heap before
{Heap before GC invocations=41 (full 0):
 garbage-first heap   total 1048576K, used 900817K [0x00000000a0000000, 0x0000000800000000)
  region size 16384K, 22 young (360448K), 3 survivors (49152K)
 Metaspace       used 133599K, committed 135168K, reserved 1179648K
  class space    used 19685K, committed 20416K, reserved 1048576K
}
Event: 26.558 GC heap after
{Heap after GC invocations=42 (full 0):
 garbage-first heap   total 2293760K, used 631394K [0x00000000a0000000, 0x0000000800000000)
  region size 16384K, 2 young (32768K), 2 survivors (32768K)
 Metaspace       used 133599K, committed 135168K, reserved 1179648K
  class space    used 19685K, committed 20416K, reserved 1048576K
}
Event: 38.760 GC heap before
{Heap before GC invocations=43 (full 0):
 garbage-first heap   total 2129920K, used 1860194K [0x00000000a0000000, 0x0000000800000000)
  region size 16384K, 78 young (1277952K), 2 survivors (32768K)
 Metaspace       used 134185K, committed 135744K, reserved 1179648K
  class space    used 19699K, committed 20416K, reserved 1048576K
}
Event: 38.764 GC heap after
{Heap after GC invocations=44 (full 0):
 garbage-first heap   total 2129920K, used 635121K [0x00000000a0000000, 0x0000000800000000)
  region size 16384K, 2 young (32768K), 2 survivors (32768K)
 Metaspace       used 134185K, committed 135744K, reserved 1179648K
  class space    used 19699K, committed 20416K, reserved 1048576K
}
Event: 63.611 GC heap before
{Heap before GC invocations=44 (full 0):
 garbage-first heap   total 2129920K, used 1863921K [0x00000000a0000000, 0x0000000800000000)
  region size 16384K, 78 young (1277952K), 2 survivors (32768K)
 Metaspace       used 135016K, committed 136576K, reserved 1179648K
  class space    used 19803K, committed 20544K, reserved 1048576K
}
Event: 63.616 GC heap after
{Heap after GC invocations=45 (full 0):
 garbage-first heap   total 2129920K, used 562100K [0x00000000a0000000, 0x0000000800000000)
  region size 16384K, 3 young (49152K), 3 survivors (49152K)
 Metaspace       used 135016K, committed 136576K, reserved 1179648K
  class space    used 19803K, committed 20544K, reserved 1048576K
}
Event: 85.326 GC heap before
{Heap before GC invocations=45 (full 0):
 garbage-first heap   total 2129920K, used 1790900K [0x00000000a0000000, 0x0000000800000000)
  region size 16384K, 78 young (1277952K), 3 survivors (49152K)
 Metaspace       used 135281K, committed 136896K, reserved 1179648K
  class space    used 19819K, committed 20544K, reserved 1048576K
}
Event: 85.331 GC heap after
{Heap after GC invocations=46 (full 0):
 garbage-first heap   total 2129920K, used 567635K [0x00000000a0000000, 0x0000000800000000)
  region size 16384K, 3 young (49152K), 3 survivors (49152K)
 Metaspace       used 135281K, committed 136896K, reserved 1179648K
  class space    used 19819K, committed 20544K, reserved 1048576K
}
Event: 86.080 GC heap before
{Heap before GC invocations=47 (full 0):
 garbage-first heap   total 1966080K, used 1681747K [0x00000000a0000000, 0x0000000800000000)
  region size 16384K, 72 young (1179648K), 3 survivors (49152K)
 Metaspace       used 135400K, committed 136960K, reserved 1179648K
  class space    used 19819K, committed 20544K, reserved 1048576K
}
Event: 86.092 GC heap after
{Heap after GC invocations=48 (full 0):
 garbage-first heap   total 1966080K, used 675061K [0x00000000a0000000, 0x0000000800000000)
  region size 16384K, 9 young (147456K), 9 survivors (147456K)
 Metaspace       used 135400K, committed 136960K, reserved 1179648K
  class space    used 19819K, committed 20544K, reserved 1048576K
}
Event: 86.844 GC heap before
{Heap before GC invocations=48 (full 0):
 garbage-first heap   total 1966080K, used 1674485K [0x00000000a0000000, 0x0000000800000000)
  region size 16384K, 71 young (1163264K), 9 survivors (147456K)
 Metaspace       used 135427K, committed 137024K, reserved 1179648K
  class space    used 19819K, committed 20544K, reserved 1048576K
}
Event: 86.860 GC heap after
{Heap after GC invocations=49 (full 0):
 garbage-first heap   total 1966080K, used 699723K [0x00000000a0000000, 0x0000000800000000)
  region size 16384K, 5 young (81920K), 5 survivors (81920K)
 Metaspace       used 135427K, committed 137024K, reserved 1179648K
  class space    used 19819K, committed 20544K, reserved 1048576K
}
Event: 99.543 GC heap before
{Heap before GC invocations=49 (full 0):
 garbage-first heap   total 1966080K, used 1748299K [0x00000000a0000000, 0x0000000800000000)
  region size 16384K, 70 young (1146880K), 5 survivors (81920K)
 Metaspace       used 135508K, committed 137088K, reserved 1179648K
  class space    used 19827K, committed 20544K, reserved 1048576K
}
Event: 99.548 GC heap after
{Heap after GC invocations=50 (full 0):
 garbage-first heap   total 1966080K, used 702557K [0x00000000a0000000, 0x0000000800000000)
  region size 16384K, 5 young (81920K), 5 survivors (81920K)
 Metaspace       used 135508K, committed 137088K, reserved 1179648K
  class space    used 19827K, committed 20544K, reserved 1048576K
}
Event: 114.372 GC heap before
{Heap before GC invocations=51 (full 0):
 garbage-first heap   total 1966080K, used 1767517K [0x00000000a0000000, 0x0000000800000000)
  region size 16384K, 70 young (1146880K), 5 survivors (81920K)
 Metaspace       used 135658K, committed 137280K, reserved 1179648K
  class space    used 19846K, committed 20544K, reserved 1048576K
}
Event: 114.377 GC heap after
{Heap after GC invocations=52 (full 0):
 garbage-first heap   total 1966080K, used 706028K [0x00000000a0000000, 0x0000000800000000)
  region size 16384K, 5 young (81920K), 5 survivors (81920K)
 Metaspace       used 135658K, committed 137280K, reserved 1179648K
  class space    used 19846K, committed 20544K, reserved 1048576K
}
Event: 134.460 GC heap before
{Heap before GC invocations=52 (full 0):
 garbage-first heap   total 1966080K, used 1770988K [0x00000000a0000000, 0x0000000800000000)
  region size 16384K, 70 young (1146880K), 5 survivors (81920K)
 Metaspace       used 135836K, committed 137472K, reserved 1179648K
  class space    used 19862K, committed 20608K, reserved 1048576K
}
Event: 134.465 GC heap after
{Heap after GC invocations=53 (full 0):
 garbage-first heap   total 1966080K, used 582037K [0x00000000a0000000, 0x0000000800000000)
  region size 16384K, 5 young (81920K), 5 survivors (81920K)
 Metaspace       used 135836K, committed 137472K, reserved 1179648K
  class space    used 19862K, committed 20608K, reserved 1048576K
}

