# JRE version: OpenJDK Runtime Environment (21.0.5+11) (build 21.0.5+11)
# Java VM: OpenJDK 64-Bit Server VM (21.0.5+11, mixed mode, sharing, tiered, compressed oops, compressed class ptrs, g1 gc, linux-amd64)
GC Precious Log:
 CardTable entry size: 512
 Card Set container configuration: InlinePtr #cards 3 size 8 Array Of Cards #cards 128 size 272 Howl #buckets 8 coarsen threshold 29491 Howl Bitmap #cards 4096 size 528 coarsen threshold 3686 Card regions per heap region 1 cards per card region 32768
 CPUs: 32 total, 32 available
 Memory: 125G
 Large Page Support: Disabled
 NUMA Support: Disabled
 Compressed Oops: Enabled (Zero based)
 Heap Region Size: 16M
 Heap Min Capacity: 16M
 Heap Initial Capacity: 2016M
 Heap Max Capacity: 30208M
 Pre-touch: Disabled
 Parallel Workers: 23
 Concurrent Workers: 6
 Concurrent Refinement Workers: 23
 Periodic GC: Disabled
Heap:
 garbage-first heap   total 983040K, used 791224K [0x00000000a0000000, 0x0000000800000000)
  region size 16384K, 26 young (425984K), 2 survivors (32768K)
 Metaspace       used 132852K, committed 134528K, reserved 1179648K
  class space    used 19719K, committed 20480K, reserved 1048576K
GC Heap History (20 events):
Event: 4.298 GC heap before
{Heap before GC invocations=18 (full 0):
 garbage-first heap   total 606208K, used 500896K [0x00000000a0000000, 0x0000000800000000)
  region size 16384K, 21 young (344064K), 3 survivors (49152K)
 Metaspace       used 94719K, committed 95872K, reserved 1179648K
  class space    used 14179K, committed 14720K, reserved 1048576K
}
Event: 4.306 GC heap after
{Heap after GC invocations=19 (full 0):
 garbage-first heap   total 770048K, used 229710K [0x00000000a0000000, 0x0000000800000000)
  region size 16384K, 3 young (49152K), 3 survivors (49152K)
 Metaspace       used 94719K, committed 95872K, reserved 1179648K
  class space    used 14179K, committed 14720K, reserved 1048576K
}
Event: 8.718 GC heap before
{Heap before GC invocations=20 (full 0):
 garbage-first heap   total 770048K, used 622926K [0x00000000a0000000, 0x0000000800000000)
  region size 16384K, 28 young (458752K), 3 survivors (49152K)
 Metaspace       used 100360K, committed 101568K, reserved 1179648K
  class space    used 15032K, committed 15616K, reserved 1048576K
}
Event: 8.726 GC heap after
{Heap after GC invocations=21 (full 0):
 garbage-first heap   total 770048K, used 255305K [0x00000000a0000000, 0x0000000800000000)
  region size 16384K, 4 young (65536K), 4 survivors (65536K)
 Metaspace       used 100360K, committed 101568K, reserved 1179648K
  class space    used 15032K, committed 15616K, reserved 1048576K
}
Event: 9.057 GC heap before
{Heap before GC invocations=21 (full 0):
 garbage-first heap   total 770048K, used 648521K [0x00000000a0000000, 0x0000000800000000)
  region size 16384K, 28 young (458752K), 4 survivors (65536K)
 Metaspace       used 106246K, committed 107456K, reserved 1179648K
  class space    used 16067K, committed 16640K, reserved 1048576K
}
Event: 9.063 GC heap after
{Heap after GC invocations=22 (full 0):
 garbage-first heap   total 770048K, used 270396K [0x00000000a0000000, 0x0000000800000000)
  region size 16384K, 1 young (16384K), 1 survivors (16384K)
 Metaspace       used 106246K, committed 107456K, reserved 1179648K
  class space    used 16067K, committed 16640K, reserved 1048576K
}
Event: 9.923 GC heap before
{Heap before GC invocations=22 (full 0):
 garbage-first heap   total 770048K, used 663612K [0x00000000a0000000, 0x0000000800000000)
  region size 16384K, 26 young (425984K), 1 survivors (16384K)
 Metaspace       used 119601K, committed 120960K, reserved 1179648K
  class space    used 17939K, committed 18560K, reserved 1048576K
}
Event: 9.927 GC heap after
{Heap after GC invocations=23 (full 0):
 garbage-first heap   total 770048K, used 288890K [0x00000000a0000000, 0x0000000800000000)
  region size 16384K, 3 young (49152K), 3 survivors (49152K)
 Metaspace       used 119601K, committed 120960K, reserved 1179648K
  class space    used 17939K, committed 18560K, reserved 1048576K
}
Event: 10.329 GC heap before
{Heap before GC invocations=24 (full 0):
 garbage-first heap   total 770048K, used 649338K [0x00000000a0000000, 0x0000000800000000)
  region size 16384K, 25 young (409600K), 3 survivors (49152K)
 Metaspace       used 127289K, committed 128832K, reserved 1179648K
  class space    used 19175K, committed 19904K, reserved 1048576K
}
Event: 10.338 GC heap after
{Heap after GC invocations=25 (full 0):
 garbage-first heap   total 770048K, used 334660K [0x00000000a0000000, 0x0000000800000000)
  region size 16384K, 4 young (65536K), 4 survivors (65536K)
 Metaspace       used 127289K, committed 128832K, reserved 1179648K
  class space    used 19175K, committed 19904K, reserved 1048576K
}
Event: 10.541 GC heap before
{Heap before GC invocations=25 (full 0):
 garbage-first heap   total 770048K, used 629572K [0x00000000a0000000, 0x0000000800000000)
  region size 16384K, 23 young (376832K), 4 survivors (65536K)
 Metaspace       used 128043K, committed 129664K, reserved 1179648K
  class space    used 19212K, committed 19968K, reserved 1048576K
}
Event: 10.551 GC heap after
{Heap after GC invocations=26 (full 0):
 garbage-first heap   total 786432K, used 365492K [0x00000000a0000000, 0x0000000800000000)
  region size 16384K, 3 young (49152K), 3 survivors (49152K)
 Metaspace       used 128043K, committed 129664K, reserved 1179648K
  class space    used 19212K, committed 19968K, reserved 1048576K
}
Event: 10.687 GC heap before
{Heap before GC invocations=26 (full 0):
 garbage-first heap   total 786432K, used 644020K [0x00000000a0000000, 0x0000000800000000)
  region size 16384K, 21 young (344064K), 3 survivors (49152K)
 Metaspace       used 128666K, committed 130240K, reserved 1179648K
  class space    used 19285K, committed 20032K, reserved 1048576K
}
Event: 10.690 GC heap after
{Heap after GC invocations=27 (full 0):
 garbage-first heap   total 786432K, used 387338K [0x00000000a0000000, 0x0000000800000000)
  region size 16384K, 2 young (32768K), 2 survivors (32768K)
 Metaspace       used 128666K, committed 130240K, reserved 1179648K
  class space    used 19285K, committed 20032K, reserved 1048576K
}
Event: 10.905 GC heap before
{Heap before GC invocations=28 (full 0):
 garbage-first heap   total 786432K, used 682250K [0x00000000a0000000, 0x0000000800000000)
  region size 16384K, 21 young (344064K), 2 survivors (32768K)
 Metaspace       used 128945K, committed 130560K, reserved 1179648K
  class space    used 19303K, committed 20032K, reserved 1048576K
}
Event: 10.909 GC heap after
{Heap after GC invocations=29 (full 0):
 garbage-first heap   total 786432K, used 405852K [0x00000000a0000000, 0x0000000800000000)
  region size 16384K, 3 young (49152K), 3 survivors (49152K)
 Metaspace       used 128945K, committed 130560K, reserved 1179648K
  class space    used 19303K, committed 20032K, reserved 1048576K
}
Event: 11.024 GC heap before
{Heap before GC invocations=29 (full 0):
 garbage-first heap   total 786432K, used 667996K [0x00000000a0000000, 0x0000000800000000)
  region size 16384K, 20 young (327680K), 3 survivors (49152K)
 Metaspace       used 130551K, committed 132160K, reserved 1179648K
  class space    used 19562K, committed 20288K, reserved 1048576K
}
Event: 11.029 GC heap after
{Heap after GC invocations=30 (full 0):
 garbage-first heap   total 983040K, used 423044K [0x00000000a0000000, 0x0000000800000000)
  region size 16384K, 3 young (49152K), 3 survivors (49152K)
 Metaspace       used 130551K, committed 132160K, reserved 1179648K
  class space    used 19562K, committed 20288K, reserved 1048576K
}
Event: 12.090 GC heap before
{Heap before GC invocations=30 (full 0):
 garbage-first heap   total 983040K, used 849028K [0x00000000a0000000, 0x0000000800000000)
  region size 16384K, 30 young (491520K), 3 survivors (49152K)
 Metaspace       used 131238K, committed 132928K, reserved 1179648K
  class space    used 19585K, committed 20352K, reserved 1048576K
}
Event: 12.095 GC heap after
{Heap after GC invocations=31 (full 0):
 garbage-first heap   total 983040K, used 430776K [0x00000000a0000000, 0x0000000800000000)
  region size 16384K, 2 young (32768K), 2 survivors (32768K)
 Metaspace       used 131238K, committed 132928K, reserved 1179648K
  class space    used 19585K, committed 20352K, reserved 1048576K
}

