# JRE version: OpenJDK Runtime Environment (23.0.1) (build 23.0.1)
# Java VM: OpenJDK 64-Bit Server VM (23.0.1, mixed mode, sharing, tiered, compressed oops, compressed class ptrs, g1 gc, linux-amd64)
GC Precious Log:
 CardTable entry size: 512
 Card Set container configuration: InlinePtr #cards 3 size 8 Array Of Cards #cards 128 size 272 Howl #buckets 8 coarsen threshold 29491 Howl Bitmap #cards 4096 size 528 coarsen threshold 3686 Card regions per heap region 1 cards per card region 32768
 CPUs: 32 total, 32 available
 Memory: 125G
 Large Page Support: Disabled
 NUMA Support: Disabled
 Compressed Oops: Enabled (Zero based)
 Heap Region Size: 16M
 Heap Min Capacity: 16M
 Heap Initial Capacity: 2016M
 Heap Max Capacity: 30208M
 Pre-touch: Disabled
 Parallel Workers: 23
 Concurrent Workers: 6
 Concurrent Refinement Workers: 23
 Periodic GC: Disabled
Heap:
 garbage-first heap   total reserved 30932992K, committed 999424K, used 493064K [0x00000000a0000000, 0x0000000800000000)
  region size 16384K, 8 young (131072K), 3 survivors (49152K)
 Metaspace       used 132003K, committed 133440K, reserved 1179648K
  class space    used 20525K, committed 21120K, reserved 1048576K
GC Heap History (20 events):
Event: 10.028 GC heap before
{Heap before GC invocations=23 (full 0):
 garbage-first heap   total reserved 30932992K, committed 737280K, used 614631K [0x00000000a0000000, 0x0000000800000000)
  region size 16384K, 22 young (360448K), 1 survivors (16384K)
 Metaspace       used 109189K, committed 110336K, reserved 1179648K
  class space    used 17293K, committed 17792K, reserved 1048576K
}
Event: 10.031 GC heap after
{Heap after GC invocations=24 (full 0):
 garbage-first heap   total reserved 30932992K, committed 737280K, used 273274K [0x00000000a0000000, 0x0000000800000000)
  region size 16384K, 1 young (16384K), 1 survivors (16384K)
 Metaspace       used 109189K, committed 110336K, reserved 1179648K
  class space    used 17293K, committed 17792K, reserved 1048576K
}
Event: 10.771 GC heap before
{Heap before GC invocations=24 (full 0):
 garbage-first heap   total reserved 30932992K, committed 737280K, used 617338K [0x00000000a0000000, 0x0000000800000000)
  region size 16384K, 23 young (376832K), 1 survivors (16384K)
 Metaspace       used 121715K, committed 123008K, reserved 1179648K
  class space    used 19306K, committed 19840K, reserved 1048576K
}
Event: 10.777 GC heap after
{Heap after GC invocations=25 (full 0):
 garbage-first heap   total reserved 30932992K, committed 737280K, used 294061K [0x00000000a0000000, 0x0000000800000000)
  region size 16384K, 3 young (49152K), 3 survivors (49152K)
 Metaspace       used 121715K, committed 123008K, reserved 1179648K
  class space    used 19306K, committed 19840K, reserved 1048576K
}
Event: 11.037 GC heap before
{Heap before GC invocations=25 (full 0):
 garbage-first heap   total reserved 30932992K, committed 737280K, used 605357K [0x00000000a0000000, 0x0000000800000000)
  region size 16384K, 23 young (376832K), 3 survivors (49152K)
 Metaspace       used 126040K, committed 127424K, reserved 1179648K
  class space    used 19944K, committed 20544K, reserved 1048576K
}
Event: 11.047 GC heap after
{Heap after GC invocations=26 (full 0):
 garbage-first heap   total reserved 30932992K, committed 737280K, used 345344K [0x00000000a0000000, 0x0000000800000000)
  region size 16384K, 3 young (49152K), 3 survivors (49152K)
 Metaspace       used 126040K, committed 127424K, reserved 1179648K
  class space    used 19944K, committed 20544K, reserved 1048576K
}
Event: 11.275 GC heap before
{Heap before GC invocations=27 (full 0):
 garbage-first heap   total reserved 30932992K, committed 737280K, used 607488K [0x00000000a0000000, 0x0000000800000000)
  region size 16384K, 20 young (327680K), 3 survivors (49152K)
 Metaspace       used 126666K, committed 128000K, reserved 1179648K
  class space    used 19998K, committed 20544K, reserved 1048576K
}
Event: 11.281 GC heap after
{Heap after GC invocations=28 (full 0):
 garbage-first heap   total reserved 30932992K, committed 737280K, used 368351K [0x00000000a0000000, 0x0000000800000000)
  region size 16384K, 2 young (32768K), 2 survivors (32768K)
 Metaspace       used 126666K, committed 128000K, reserved 1179648K
  class space    used 19998K, committed 20544K, reserved 1048576K
}
Event: 11.418 GC heap before
{Heap before GC invocations=28 (full 0):
 garbage-first heap   total reserved 30932992K, committed 737280K, used 630495K [0x00000000a0000000, 0x0000000800000000)
  region size 16384K, 19 young (311296K), 2 survivors (32768K)
 Metaspace       used 127193K, committed 128576K, reserved 1179648K
  class space    used 20061K, committed 20608K, reserved 1048576K
}
Event: 11.423 GC heap after
{Heap after GC invocations=29 (full 0):
 garbage-first heap   total reserved 30932992K, committed 737280K, used 387777K [0x00000000a0000000, 0x0000000800000000)
  region size 16384K, 3 young (49152K), 3 survivors (49152K)
 Metaspace       used 127193K, committed 128576K, reserved 1179648K
  class space    used 20061K, committed 20608K, reserved 1048576K
}
Event: 11.536 GC heap before
{Heap before GC invocations=29 (full 0):
 garbage-first heap   total reserved 30932992K, committed 737280K, used 617153K [0x00000000a0000000, 0x0000000800000000)
  region size 16384K, 18 young (294912K), 3 survivors (49152K)
 Metaspace       used 128607K, committed 130048K, reserved 1179648K
  class space    used 20270K, committed 20864K, reserved 1048576K
}
Event: 11.541 GC heap after
{Heap after GC invocations=30 (full 0):
 garbage-first heap   total reserved 30932992K, committed 999424K, used 411247K [0x00000000a0000000, 0x0000000800000000)
  region size 16384K, 3 young (49152K), 3 survivors (49152K)
 Metaspace       used 128607K, committed 130048K, reserved 1179648K
  class space    used 20270K, committed 20864K, reserved 1048576K
}
Event: 11.828 GC heap before
{Heap before GC invocations=31 (full 0):
 garbage-first heap   total reserved 30932992K, committed 999424K, used 853615K [0x00000000a0000000, 0x0000000800000000)
  region size 16384K, 31 young (507904K), 3 survivors (49152K)
 Metaspace       used 129059K, committed 130560K, reserved 1179648K
  class space    used 20296K, committed 20928K, reserved 1048576K
}
Event: 11.834 GC heap after
{Heap after GC invocations=32 (full 0):
 garbage-first heap   total reserved 30932992K, committed 999424K, used 437607K [0x00000000a0000000, 0x0000000800000000)
  region size 16384K, 4 young (65536K), 4 survivors (65536K)
 Metaspace       used 129059K, committed 130560K, reserved 1179648K
  class space    used 20296K, committed 20928K, reserved 1048576K
}
Event: 12.888 GC heap before
{Heap before GC invocations=32 (full 0):
 garbage-first heap   total reserved 30932992K, committed 999424K, used 847207K [0x00000000a0000000, 0x0000000800000000)
  region size 16384K, 29 young (475136K), 4 survivors (65536K)
 Metaspace       used 129702K, committed 131136K, reserved 1179648K
  class space    used 20338K, committed 20928K, reserved 1048576K
}
Event: 12.894 GC heap after
{Heap after GC invocations=33 (full 0):
 garbage-first heap   total reserved 30932992K, committed 999424K, used 437580K [0x00000000a0000000, 0x0000000800000000)
  region size 16384K, 3 young (49152K), 3 survivors (49152K)
 Metaspace       used 129702K, committed 131136K, reserved 1179648K
  class space    used 20338K, committed 20928K, reserved 1048576K
}
Event: 17.379 GC heap before
{Heap before GC invocations=33 (full 0):
 garbage-first heap   total reserved 30932992K, committed 999424K, used 863564K [0x00000000a0000000, 0x0000000800000000)
  region size 16384K, 29 young (475136K), 3 survivors (49152K)
 Metaspace       used 130964K, committed 132416K, reserved 1179648K
  class space    used 20379K, committed 20992K, reserved 1048576K
}
Event: 17.382 GC heap after
{Heap after GC invocations=34 (full 0):
 garbage-first heap   total reserved 30932992K, committed 999424K, used 436757K [0x00000000a0000000, 0x0000000800000000)
  region size 16384K, 3 young (49152K), 3 survivors (49152K)
 Metaspace       used 130964K, committed 132416K, reserved 1179648K
  class space    used 20379K, committed 20992K, reserved 1048576K
}
Event: 22.065 GC heap before
{Heap before GC invocations=35 (full 0):
 garbage-first heap   total reserved 30932992K, committed 999424K, used 846357K [0x00000000a0000000, 0x0000000800000000)
  region size 16384K, 29 young (475136K), 3 survivors (49152K)
 Metaspace       used 131877K, committed 133312K, reserved 1179648K
  class space    used 20503K, committed 21120K, reserved 1048576K
}
Event: 22.068 GC heap after
{Heap after GC invocations=36 (full 0):
 garbage-first heap   total reserved 30932992K, committed 999424K, used 443912K [0x00000000a0000000, 0x0000000800000000)
  region size 16384K, 3 young (49152K), 3 survivors (49152K)
 Metaspace       used 131877K, committed 133312K, reserved 1179648K
  class space    used 20503K, committed 21120K, reserved 1048576K
}

