# JRE version: OpenJDK Runtime Environment (23.0.1) (build 23.0.1)
# Java VM: OpenJDK 64-Bit Server VM (23.0.1, mixed mode, sharing, tiered, compressed oops, compressed class ptrs, g1 gc, linux-amd64)
GC Precious Log:
 CardTable entry size: 512
 Card Set container configuration: InlinePtr #cards 3 size 8 Array Of Cards #cards 128 size 272 Howl #buckets 8 coarsen threshold 29491 Howl Bitmap #cards 4096 size 528 coarsen threshold 3686 Card regions per heap region 1 cards per card region 32768
 CPUs: 32 total, 32 available
 Memory: 125G
 Large Page Support: Disabled
 NUMA Support: Disabled
 Compressed Oops: Enabled (Zero based)
 Heap Region Size: 16M
 Heap Min Capacity: 16M
 Heap Initial Capacity: 2016M
 Heap Max Capacity: 30208M
 Pre-touch: Disabled
 Parallel Workers: 23
 Concurrent Workers: 6
 Concurrent Refinement Workers: 23
 Periodic GC: Disabled
Heap:
 garbage-first heap   total reserved 30932992K, committed 737280K, used 448270K [0x00000000a0000000, 0x0000000800000000)
  region size 16384K, 19 young (311296K), 4 survivors (65536K)
 Metaspace       used 97837K, committed 99008K, reserved 1179648K
  class space    used 15398K, committed 15872K, reserved 1048576K
GC Heap History (20 events):
Event: 1.527 GC heap before
{Heap before GC invocations=8 (full 0):
 garbage-first heap   total reserved 30932992K, committed 393216K, used 277365K [0x00000000a0000000, 0x0000000800000000)
  region size 16384K, 11 young (180224K), 2 survivors (32768K)
 Metaspace       used 34098K, committed 34752K, reserved 1114112K
  class space    used 4240K, committed 4544K, reserved 1048576K
}
Event: 1.532 GC heap after
{Heap after GC invocations=9 (full 0):
 garbage-first heap   total reserved 30932992K, committed 393216K, used 131168K [0x00000000a0000000, 0x0000000800000000)
  region size 16384K, 1 young (16384K), 1 survivors (16384K)
 Metaspace       used 34098K, committed 34752K, reserved 1114112K
  class space    used 4240K, committed 4544K, reserved 1048576K
}
Event: 1.627 GC heap before
{Heap before GC invocations=9 (full 0):
 garbage-first heap   total reserved 30932992K, committed 393216K, used 180320K [0x00000000a0000000, 0x0000000800000000)
  region size 16384K, 5 young (81920K), 1 survivors (16384K)
 Metaspace       used 35970K, committed 36608K, reserved 1114112K
  class space    used 4465K, committed 4736K, reserved 1048576K
}
Event: 1.629 GC heap after
{Heap after GC invocations=10 (full 0):
 garbage-first heap   total reserved 30932992K, committed 393216K, used 132120K [0x00000000a0000000, 0x0000000800000000)
  region size 16384K, 1 young (16384K), 1 survivors (16384K)
 Metaspace       used 35970K, committed 36608K, reserved 1114112K
  class space    used 4465K, committed 4736K, reserved 1048576K
}
Event: 1.842 GC heap before
{Heap before GC invocations=11 (full 0):
 garbage-first heap   total reserved 30932992K, committed 393216K, used 295960K [0x00000000a0000000, 0x0000000800000000)
  region size 16384K, 11 young (180224K), 1 survivors (16384K)
 Metaspace       used 39906K, committed 40576K, reserved 1114112K
  class space    used 5174K, committed 5504K, reserved 1048576K
}
Event: 1.847 GC heap after
{Heap after GC invocations=12 (full 0):
 garbage-first heap   total reserved 30932992K, committed 393216K, used 135394K [0x00000000a0000000, 0x0000000800000000)
  region size 16384K, 2 young (32768K), 2 survivors (32768K)
 Metaspace       used 39906K, committed 40576K, reserved 1114112K
  class space    used 5174K, committed 5504K, reserved 1048576K
}
Event: 2.010 GC heap before
{Heap before GC invocations=12 (full 0):
 garbage-first heap   total reserved 30932992K, committed 393216K, used 299234K [0x00000000a0000000, 0x0000000800000000)
  region size 16384K, 12 young (196608K), 2 survivors (32768K)
 Metaspace       used 42966K, committed 43712K, reserved 1114112K
  class space    used 5900K, committed 6272K, reserved 1048576K
}
Event: 2.019 GC heap after
{Heap after GC invocations=13 (full 0):
 garbage-first heap   total reserved 30932992K, committed 1228800K, used 141831K [0x00000000a0000000, 0x0000000800000000)
  region size 16384K, 2 young (32768K), 2 survivors (32768K)
 Metaspace       used 42966K, committed 43712K, reserved 1114112K
  class space    used 5900K, committed 6272K, reserved 1048576K
}
Event: 2.652 GC heap before
{Heap before GC invocations=13 (full 0):
 garbage-first heap   total reserved 30932992K, committed 1228800K, used 616967K [0x00000000a0000000, 0x0000000800000000)
  region size 16384K, 31 young (507904K), 2 survivors (32768K)
 Metaspace       used 56084K, committed 56896K, reserved 1114112K
  class space    used 8675K, committed 9088K, reserved 1048576K
}
Event: 2.662 GC heap after
{Heap after GC invocations=14 (full 0):
 garbage-first heap   total reserved 30932992K, committed 1228800K, used 158211K [0x00000000a0000000, 0x0000000800000000)
  region size 16384K, 3 young (49152K), 3 survivors (49152K)
 Metaspace       used 56084K, committed 56896K, reserved 1114112K
  class space    used 8675K, committed 9088K, reserved 1048576K
}
Event: 2.929 GC heap before
{Heap before GC invocations=14 (full 0):
 garbage-first heap   total reserved 30932992K, committed 1228800K, used 371203K [0x00000000a0000000, 0x0000000800000000)
  region size 16384K, 17 young (278528K), 3 survivors (49152K)
 Metaspace       used 61263K, committed 62016K, reserved 1114112K
  class space    used 9743K, committed 10112K, reserved 1048576K
}
Event: 2.935 GC heap after
{Heap after GC invocations=15 (full 0):
 garbage-first heap   total reserved 30932992K, committed 1228800K, used 165691K [0x00000000a0000000, 0x0000000800000000)
  region size 16384K, 3 young (49152K), 3 survivors (49152K)
 Metaspace       used 61263K, committed 62016K, reserved 1114112K
  class space    used 9743K, committed 10112K, reserved 1048576K
}
Event: 3.400 GC heap before
{Heap before GC invocations=16 (full 0):
 garbage-first heap   total reserved 30932992K, committed 606208K, used 476987K [0x00000000a0000000, 0x0000000800000000)
  region size 16384K, 22 young (360448K), 3 survivors (49152K)
 Metaspace       used 75472K, committed 76416K, reserved 1114112K
  class space    used 12267K, committed 12672K, reserved 1048576K
}
Event: 3.409 GC heap after
{Heap after GC invocations=17 (full 0):
 garbage-first heap   total reserved 30932992K, committed 606208K, used 182652K [0x00000000a0000000, 0x0000000800000000)
  region size 16384K, 3 young (49152K), 3 survivors (49152K)
 Metaspace       used 75472K, committed 76416K, reserved 1114112K
  class space    used 12267K, committed 12672K, reserved 1048576K
}
Event: 4.083 GC heap before
{Heap before GC invocations=17 (full 0):
 garbage-first heap   total reserved 30932992K, committed 606208K, used 477564K [0x00000000a0000000, 0x0000000800000000)
  region size 16384K, 21 young (344064K), 3 survivors (49152K)
 Metaspace       used 85856K, committed 86848K, reserved 1179648K
  class space    used 13623K, committed 14080K, reserved 1048576K
}
Event: 4.093 GC heap after
{Heap after GC invocations=18 (full 0):
 garbage-first heap   total reserved 30932992K, committed 606208K, used 185877K [0x00000000a0000000, 0x0000000800000000)
  region size 16384K, 2 young (32768K), 2 survivors (32768K)
 Metaspace       used 85856K, committed 86848K, reserved 1179648K
  class space    used 13623K, committed 14080K, reserved 1048576K
}
Event: 4.279 GC heap before
{Heap before GC invocations=18 (full 0):
 garbage-first heap   total reserved 30932992K, committed 606208K, used 497173K [0x00000000a0000000, 0x0000000800000000)
  region size 16384K, 21 young (344064K), 2 survivors (32768K)
 Metaspace       used 91129K, committed 92224K, reserved 1179648K
  class space    used 14468K, committed 14912K, reserved 1048576K
}
Event: 4.286 GC heap after
{Heap after GC invocations=19 (full 0):
 garbage-first heap   total reserved 30932992K, committed 737280K, used 208299K [0x00000000a0000000, 0x0000000800000000)
  region size 16384K, 3 young (49152K), 3 survivors (49152K)
 Metaspace       used 91129K, committed 92224K, reserved 1179648K
  class space    used 14468K, committed 14912K, reserved 1048576K
}
Event: 4.557 GC heap before
{Heap before GC invocations=19 (full 0):
 garbage-first heap   total reserved 30932992K, committed 737280K, used 568747K [0x00000000a0000000, 0x0000000800000000)
  region size 16384K, 26 young (425984K), 3 survivors (49152K)
 Metaspace       used 94021K, committed 95168K, reserved 1179648K
  class space    used 14808K, committed 15296K, reserved 1048576K
}
Event: 4.564 GC heap after
{Heap after GC invocations=20 (full 0):
 garbage-first heap   total reserved 30932992K, committed 737280K, used 235278K [0x00000000a0000000, 0x0000000800000000)
  region size 16384K, 4 young (65536K), 4 survivors (65536K)
 Metaspace       used 94021K, committed 95168K, reserved 1179648K
  class space    used 14808K, committed 15296K, reserved 1048576K
}

