# JRE version: OpenJDK Runtime Environment (21.0.5+11) (build 21.0.5+11)
# Java VM: OpenJDK 64-Bit Server VM (21.0.5+11, mixed mode, sharing, tiered, compressed oops, compressed class ptrs, g1 gc, linux-amd64)
GC Precious Log:
 CardTable entry size: 512
 Card Set container configuration: InlinePtr #cards 3 size 8 Array Of Cards #cards 128 size 272 Howl #buckets 8 coarsen threshold 29491 Howl Bitmap #cards 4096 size 528 coarsen threshold 3686 Card regions per heap region 1 cards per card region 32768
 CPUs: 32 total, 32 available
 Memory: 125G
 Large Page Support: Disabled
 NUMA Support: Disabled
 Compressed Oops: Enabled (Zero based)
 Heap Region Size: 16M
 Heap Min Capacity: 16M
 Heap Initial Capacity: 2016M
 Heap Max Capacity: 30208M
 Pre-touch: Disabled
 Parallel Workers: 23
 Concurrent Workers: 6
 Concurrent Refinement Workers: 23
 Periodic GC: Disabled
Heap:
 garbage-first heap   total 1949696K, used 1660018K [0x00000000a0000000, 0x0000000800000000)
  region size 16384K, 55 young (901120K), 3 survivors (49152K)
 Metaspace       used 140607K, committed 142336K, reserved 1179648K
  class space    used 20418K, committed 21184K, reserved 1048576K
GC Heap History (20 events):
Event: 202.910 GC heap before
{Heap before GC invocations=76 (full 0):
 garbage-first heap   total 1949696K, used 1715856K [0x00000000a0000000, 0x0000000800000000)
  region size 16384K, 67 young (1097728K), 5 survivors (81920K)
 Metaspace       used 140121K, committed 141824K, reserved 1179648K
  class space    used 20397K, committed 21184K, reserved 1048576K
}
Event: 202.918 GC heap after
{Heap after GC invocations=77 (full 0):
 garbage-first heap   total 1949696K, used 679138K [0x00000000a0000000, 0x0000000800000000)
  region size 16384K, 4 young (65536K), 4 survivors (65536K)
 Metaspace       used 140121K, committed 141824K, reserved 1179648K
  class space    used 20397K, committed 21184K, reserved 1048576K
}
Event: 203.811 GC heap before
{Heap before GC invocations=77 (full 0):
 garbage-first heap   total 1949696K, used 1744098K [0x00000000a0000000, 0x0000000800000000)
  region size 16384K, 70 young (1146880K), 4 survivors (65536K)
 Metaspace       used 140251K, committed 141952K, reserved 1179648K
  class space    used 20399K, committed 21184K, reserved 1048576K
}
Event: 203.824 GC heap after
{Heap after GC invocations=78 (full 0):
 garbage-first heap   total 1949696K, used 774498K [0x00000000a0000000, 0x0000000800000000)
  region size 16384K, 9 young (147456K), 9 survivors (147456K)
 Metaspace       used 140251K, committed 141952K, reserved 1179648K
  class space    used 20399K, committed 21184K, reserved 1048576K
}
Event: 204.084 GC heap before
{Heap before GC invocations=79 (full 0):
 garbage-first heap   total 1949696K, used 1659234K [0x00000000a0000000, 0x0000000800000000)
  region size 16384K, 64 young (1048576K), 9 survivors (147456K)
 Metaspace       used 140254K, committed 141952K, reserved 1179648K
  class space    used 20399K, committed 21184K, reserved 1048576K
}
Event: 204.100 GC heap after
{Heap after GC invocations=80 (full 0):
 garbage-first heap   total 1949696K, used 858337K [0x00000000a0000000, 0x0000000800000000)
  region size 16384K, 5 young (81920K), 5 survivors (81920K)
 Metaspace       used 140254K, committed 141952K, reserved 1179648K
  class space    used 20399K, committed 21184K, reserved 1048576K
}
Event: 205.894 GC heap before
{Heap before GC invocations=80 (full 0):
 garbage-first heap   total 1949696K, used 1726689K [0x00000000a0000000, 0x0000000800000000)
  region size 16384K, 59 young (966656K), 5 survivors (81920K)
 Metaspace       used 140268K, committed 142016K, reserved 1179648K
  class space    used 20400K, committed 21184K, reserved 1048576K
}
Event: 205.902 GC heap after
{Heap after GC invocations=81 (full 0):
 garbage-first heap   total 1949696K, used 830805K [0x00000000a0000000, 0x0000000800000000)
  region size 16384K, 2 young (32768K), 2 survivors (32768K)
 Metaspace       used 140268K, committed 142016K, reserved 1179648K
  class space    used 20400K, committed 21184K, reserved 1048576K
}
Event: 206.494 GC heap before
{Heap before GC invocations=81 (full 0):
 garbage-first heap   total 1949696K, used 1764693K [0x00000000a0000000, 0x0000000800000000)
  region size 16384K, 60 young (983040K), 2 survivors (32768K)
 Metaspace       used 140359K, committed 142080K, reserved 1179648K
  class space    used 20410K, committed 21184K, reserved 1048576K
}
Event: 206.499 GC heap after
{Heap after GC invocations=82 (full 0):
 garbage-first heap   total 1949696K, used 867071K [0x00000000a0000000, 0x0000000800000000)
  region size 16384K, 4 young (65536K), 4 survivors (65536K)
 Metaspace       used 140359K, committed 142080K, reserved 1179648K
  class space    used 20410K, committed 21184K, reserved 1048576K
}
Event: 214.403 GC heap before
{Heap before GC invocations=83 (full 0):
 garbage-first heap   total 1949696K, used 1735423K [0x00000000a0000000, 0x0000000800000000)
  region size 16384K, 58 young (950272K), 4 survivors (65536K)
 Metaspace       used 140400K, committed 142080K, reserved 1179648K
  class space    used 20411K, committed 21184K, reserved 1048576K
}
Event: 214.409 GC heap after
{Heap after GC invocations=84 (full 0):
 garbage-first heap   total 1949696K, used 877650K [0x00000000a0000000, 0x0000000800000000)
  region size 16384K, 5 young (81920K), 5 survivors (81920K)
 Metaspace       used 140400K, committed 142080K, reserved 1179648K
  class space    used 20411K, committed 21184K, reserved 1048576K
}
Event: 216.682 GC heap before
{Heap before GC invocations=84 (full 0):
 garbage-first heap   total 1949696K, used 1713234K [0x00000000a0000000, 0x0000000800000000)
  region size 16384K, 57 young (933888K), 5 survivors (81920K)
 Metaspace       used 140414K, committed 142144K, reserved 1179648K
  class space    used 20411K, committed 21184K, reserved 1048576K
}
Event: 216.694 GC heap after
{Heap after GC invocations=85 (full 0):
 garbage-first heap   total 1949696K, used 741753K [0x00000000a0000000, 0x0000000800000000)
  region size 16384K, 8 young (131072K), 8 survivors (131072K)
 Metaspace       used 140414K, committed 142144K, reserved 1179648K
  class space    used 20411K, committed 21184K, reserved 1048576K
}
Event: 223.671 GC heap before
{Heap before GC invocations=85 (full 0):
 garbage-first heap   total 1949696K, used 1659257K [0x00000000a0000000, 0x0000000800000000)
  region size 16384K, 65 young (1064960K), 8 survivors (131072K)
 Metaspace       used 140520K, committed 142208K, reserved 1179648K
  class space    used 20411K, committed 21184K, reserved 1048576K
}
Event: 223.683 GC heap after
{Heap after GC invocations=86 (full 0):
 garbage-first heap   total 1949696K, used 688434K [0x00000000a0000000, 0x0000000800000000)
  region size 16384K, 5 young (81920K), 5 survivors (81920K)
 Metaspace       used 140520K, committed 142208K, reserved 1179648K
  class space    used 20411K, committed 21184K, reserved 1048576K
}
Event: 223.900 GC heap before
{Heap before GC invocations=86 (full 0):
 garbage-first heap   total 1949696K, used 1720626K [0x00000000a0000000, 0x0000000800000000)
  region size 16384K, 69 young (1130496K), 5 survivors (81920K)
 Metaspace       used 140533K, committed 142208K, reserved 1179648K
  class space    used 20411K, committed 21184K, reserved 1048576K
}
Event: 223.914 GC heap after
{Heap after GC invocations=87 (full 0):
 garbage-first heap   total 1949696K, used 803286K [0x00000000a0000000, 0x0000000800000000)
  region size 16384K, 9 young (147456K), 9 survivors (147456K)
 Metaspace       used 140533K, committed 142208K, reserved 1179648K
  class space    used 20411K, committed 21184K, reserved 1048576K
}
Event: 225.294 GC heap before
{Heap before GC invocations=88 (full 0):
 garbage-first heap   total 1949696K, used 1655254K [0x00000000a0000000, 0x0000000800000000)
  region size 16384K, 62 young (1015808K), 9 survivors (147456K)
 Metaspace       used 140539K, committed 142208K, reserved 1179648K
  class space    used 20411K, committed 21184K, reserved 1048576K
}
Event: 225.306 GC heap after
{Heap after GC invocations=89 (full 0):
 garbage-first heap   total 1949696K, used 840818K [0x00000000a0000000, 0x0000000800000000)
  region size 16384K, 3 young (49152K), 3 survivors (49152K)
 Metaspace       used 140539K, committed 142208K, reserved 1179648K
  class space    used 20411K, committed 21184K, reserved 1048576K
}

