# JRE version: OpenJDK Runtime Environment (21.0.5+11) (build 21.0.5+11)
# Java VM: OpenJDK 64-Bit Server VM (21.0.5+11, mixed mode, sharing, tiered, compressed oops, compressed class ptrs, g1 gc, linux-amd64)
GC Precious Log:
 CardTable entry size: 512
 Card Set container configuration: InlinePtr #cards 3 size 8 Array Of Cards #cards 128 size 272 Howl #buckets 8 coarsen threshold 29491 Howl Bitmap #cards 4096 size 528 coarsen threshold 3686 Card regions per heap region 1 cards per card region 32768
 CPUs: 32 total, 32 available
 Memory: 125G
 Large Page Support: Disabled
 NUMA Support: Disabled
 Compressed Oops: Enabled (Zero based)
 Heap Region Size: 16M
 Heap Min Capacity: 16M
 Heap Initial Capacity: 2016M
 Heap Max Capacity: 30208M
 Pre-touch: Disabled
 Parallel Workers: 23
 Concurrent Workers: 6
 Concurrent Refinement Workers: 23
 Periodic GC: Disabled
Heap:
 garbage-first heap   total 966656K, used 541524K [0x00000000a0000000, 0x0000000800000000)
  region size 16384K, 10 young (163840K), 2 survivors (32768K)
 Metaspace       used 132837K, committed 134400K, reserved 1179648K
  class space    used 19695K, committed 20416K, reserved 1048576K
GC Heap History (20 events):
Event: 7.970 GC heap before
{Heap before GC invocations=21 (full 0):
 garbage-first heap   total 753664K, used 617279K [0x00000000a0000000, 0x0000000800000000)
  region size 16384K, 27 young (442368K), 3 survivors (49152K)
 Metaspace       used 100213K, committed 101504K, reserved 1179648K
  class space    used 15017K, committed 15616K, reserved 1048576K
}
Event: 7.978 GC heap after
{Heap after GC invocations=22 (full 0):
 garbage-first heap   total 753664K, used 258146K [0x00000000a0000000, 0x0000000800000000)
  region size 16384K, 4 young (65536K), 4 survivors (65536K)
 Metaspace       used 100213K, committed 101504K, reserved 1179648K
  class space    used 15017K, committed 15616K, reserved 1048576K
}
Event: 8.284 GC heap before
{Heap before GC invocations=22 (full 0):
 garbage-first heap   total 753664K, used 618594K [0x00000000a0000000, 0x0000000800000000)
  region size 16384K, 26 young (425984K), 4 survivors (65536K)
 Metaspace       used 106051K, committed 107264K, reserved 1179648K
  class space    used 16047K, committed 16640K, reserved 1048576K
}
Event: 8.291 GC heap after
{Heap after GC invocations=23 (full 0):
 garbage-first heap   total 753664K, used 269525K [0x00000000a0000000, 0x0000000800000000)
  region size 16384K, 1 young (16384K), 1 survivors (16384K)
 Metaspace       used 106051K, committed 107264K, reserved 1179648K
  class space    used 16047K, committed 16640K, reserved 1048576K
}
Event: 9.125 GC heap before
{Heap before GC invocations=23 (full 0):
 garbage-first heap   total 753664K, used 646357K [0x00000000a0000000, 0x0000000800000000)
  region size 16384K, 25 young (409600K), 1 survivors (16384K)
 Metaspace       used 118254K, committed 119616K, reserved 1179648K
  class space    used 17695K, committed 18304K, reserved 1048576K
}
Event: 9.130 GC heap after
{Heap after GC invocations=24 (full 0):
 garbage-first heap   total 753664K, used 278502K [0x00000000a0000000, 0x0000000800000000)
  region size 16384K, 2 young (32768K), 2 survivors (32768K)
 Metaspace       used 118254K, committed 119616K, reserved 1179648K
  class space    used 17695K, committed 18304K, reserved 1048576K
}
Event: 9.579 GC heap before
{Heap before GC invocations=25 (full 0):
 garbage-first heap   total 753664K, used 655334K [0x00000000a0000000, 0x0000000800000000)
  region size 16384K, 25 young (409600K), 2 survivors (32768K)
 Metaspace       used 126993K, committed 128512K, reserved 1179648K
  class space    used 19133K, committed 19840K, reserved 1048576K
}
Event: 9.586 GC heap after
{Heap after GC invocations=26 (full 0):
 garbage-first heap   total 753664K, used 327260K [0x00000000a0000000, 0x0000000800000000)
  region size 16384K, 4 young (65536K), 4 survivors (65536K)
 Metaspace       used 126993K, committed 128512K, reserved 1179648K
  class space    used 19133K, committed 19840K, reserved 1048576K
}
Event: 9.812 GC heap before
{Heap before GC invocations=26 (full 0):
 garbage-first heap   total 753664K, used 638556K [0x00000000a0000000, 0x0000000800000000)
  region size 16384K, 23 young (376832K), 4 survivors (65536K)
 Metaspace       used 127954K, committed 129472K, reserved 1179648K
  class space    used 19187K, committed 19904K, reserved 1048576K
}
Event: 9.820 GC heap after
{Heap after GC invocations=27 (full 0):
 garbage-first heap   total 753664K, used 359938K [0x00000000a0000000, 0x0000000800000000)
  region size 16384K, 3 young (49152K), 3 survivors (49152K)
 Metaspace       used 127954K, committed 129472K, reserved 1179648K
  class space    used 19187K, committed 19904K, reserved 1048576K
}
Event: 9.984 GC heap before
{Heap before GC invocations=28 (full 0):
 garbage-first heap   total 753664K, used 622082K [0x00000000a0000000, 0x0000000800000000)
  region size 16384K, 20 young (327680K), 3 survivors (49152K)
 Metaspace       used 128497K, committed 130112K, reserved 1179648K
  class space    used 19258K, committed 19968K, reserved 1048576K
}
Event: 9.988 GC heap after
{Heap after GC invocations=29 (full 0):
 garbage-first heap   total 753664K, used 382391K [0x00000000a0000000, 0x0000000800000000)
  region size 16384K, 2 young (32768K), 2 survivors (32768K)
 Metaspace       used 128497K, committed 130112K, reserved 1179648K
  class space    used 19258K, committed 19968K, reserved 1048576K
}
Event: 10.111 GC heap before
{Heap before GC invocations=29 (full 0):
 garbage-first heap   total 753664K, used 644535K [0x00000000a0000000, 0x0000000800000000)
  region size 16384K, 19 young (311296K), 2 survivors (32768K)
 Metaspace       used 129392K, committed 130944K, reserved 1179648K
  class space    used 19388K, committed 20096K, reserved 1048576K
}
Event: 10.117 GC heap after
{Heap after GC invocations=30 (full 0):
 garbage-first heap   total 753664K, used 402758K [0x00000000a0000000, 0x0000000800000000)
  region size 16384K, 3 young (49152K), 3 survivors (49152K)
 Metaspace       used 129392K, committed 130944K, reserved 1179648K
  class space    used 19388K, committed 20096K, reserved 1048576K
}
Event: 10.238 GC heap before
{Heap before GC invocations=30 (full 0):
 garbage-first heap   total 753664K, used 632134K [0x00000000a0000000, 0x0000000800000000)
  region size 16384K, 18 young (294912K), 3 survivors (49152K)
 Metaspace       used 130267K, committed 131904K, reserved 1179648K
  class space    used 19525K, committed 20288K, reserved 1048576K
}
Event: 10.243 GC heap after
{Heap after GC invocations=31 (full 0):
 garbage-first heap   total 966656K, used 420753K [0x00000000a0000000, 0x0000000800000000)
  region size 16384K, 3 young (49152K), 3 survivors (49152K)
 Metaspace       used 130267K, committed 131904K, reserved 1179648K
  class space    used 19525K, committed 20288K, reserved 1048576K
}
Event: 11.245 GC heap before
{Heap before GC invocations=32 (full 0):
 garbage-first heap   total 966656K, used 830353K [0x00000000a0000000, 0x0000000800000000)
  region size 16384K, 29 young (475136K), 3 survivors (49152K)
 Metaspace       used 131085K, committed 132672K, reserved 1179648K
  class space    used 19569K, committed 20288K, reserved 1048576K
}
Event: 11.253 GC heap after
{Heap after GC invocations=33 (full 0):
 garbage-first heap   total 966656K, used 428307K [0x00000000a0000000, 0x0000000800000000)
  region size 16384K, 2 young (32768K), 2 survivors (32768K)
 Metaspace       used 131085K, committed 132672K, reserved 1179648K
  class space    used 19569K, committed 20288K, reserved 1048576K
}
Event: 15.715 GC heap before
{Heap before GC invocations=33 (full 0):
 garbage-first heap   total 966656K, used 854291K [0x00000000a0000000, 0x0000000800000000)
  region size 16384K, 28 young (458752K), 2 survivors (32768K)
 Metaspace       used 132412K, committed 134016K, reserved 1179648K
  class space    used 19624K, committed 20352K, reserved 1048576K
}
Event: 15.719 GC heap after
{Heap after GC invocations=34 (full 0):
 garbage-first heap   total 966656K, used 426836K [0x00000000a0000000, 0x0000000800000000)
  region size 16384K, 2 young (32768K), 2 survivors (32768K)
 Metaspace       used 132412K, committed 134016K, reserved 1179648K
  class space    used 19624K, committed 20352K, reserved 1048576K
}

